versions pytest-7.4.2, python-3.10.11.final.0
cwd=C:\Users\mas13\Documents\GitHub\SoftwareEngineeringGitHub\github-actions-backend
args=('--debug',)

  pytest_cmdline_main [hook]
      config: <_pytest.config.Config object at 0x000002A7F08886D0>
    pytest_plugin_registered [hook]
        plugin: <Session github-actions-backend exitstatus='<UNSET>' testsfailed=0 testscollected=0>
        manager: <_pytest.config.PytestPluginManager object at 0x000002A7EF969DB0>
    finish pytest_plugin_registered --> [] [hook]
    pytest_configure [hook]
        config: <_pytest.config.Config object at 0x000002A7F08886D0>
      pytest_plugin_registered [hook]
          plugin: <_pytest.cacheprovider.LFPlugin object at 0x000002A7F2CB1CF0>
          manager: <_pytest.config.PytestPluginManager object at 0x000002A7EF969DB0>
      finish pytest_plugin_registered --> [] [hook]
      pytest_plugin_registered [hook]
          plugin: <_pytest.cacheprovider.NFPlugin object at 0x000002A7F2CB1F30>
          manager: <_pytest.config.PytestPluginManager object at 0x000002A7EF969DB0>
      finish pytest_plugin_registered --> [] [hook]
    early skip of rewriting module: faulthandler [assertion]
      pytest_plugin_registered [hook]
          plugin: <class '_pytest.legacypath.LegacyTmpdirPlugin'>
          manager: <_pytest.config.PytestPluginManager object at 0x000002A7EF969DB0>
      finish pytest_plugin_registered --> [] [hook]
    early skip of rewriting module: pdb [assertion]
    early skip of rewriting module: cmd [assertion]
    early skip of rewriting module: code [assertion]
    early skip of rewriting module: codeop [assertion]
      pytest_plugin_registered [hook]
          plugin: <_pytest.config.PytestPluginManager object at 0x000002A7EF969DB0>
          manager: <_pytest.config.PytestPluginManager object at 0x000002A7EF969DB0>
      finish pytest_plugin_registered --> [] [hook]
      pytest_plugin_registered [hook]
          plugin: <_pytest.config.Config object at 0x000002A7F08886D0>
          manager: <_pytest.config.PytestPluginManager object at 0x000002A7EF969DB0>
      finish pytest_plugin_registered --> [] [hook]
      pytest_plugin_registered [hook]
          plugin: <module '_pytest.mark' from 'C:\\Users\\mas13\\AppData\\Local\\Packages\\PythonSoftwareFoundation.Python.3.10_qbz5n2kfra8p0\\LocalCache\\local-packages\\Python310\\site-packages\\_pytest\\mark\\__init__.py'>
          manager: <_pytest.config.PytestPluginManager object at 0x000002A7EF969DB0>
      finish pytest_plugin_registered --> [] [hook]
      pytest_plugin_registered [hook]
          plugin: <module '_pytest.main' from 'C:\\Users\\mas13\\AppData\\Local\\Packages\\PythonSoftwareFoundation.Python.3.10_qbz5n2kfra8p0\\LocalCache\\local-packages\\Python310\\site-packages\\_pytest\\main.py'>
          manager: <_pytest.config.PytestPluginManager object at 0x000002A7EF969DB0>
      finish pytest_plugin_registered --> [] [hook]
      pytest_plugin_registered [hook]
          plugin: <module '_pytest.runner' from 'C:\\Users\\mas13\\AppData\\Local\\Packages\\PythonSoftwareFoundation.Python.3.10_qbz5n2kfra8p0\\LocalCache\\local-packages\\Python310\\site-packages\\_pytest\\runner.py'>
          manager: <_pytest.config.PytestPluginManager object at 0x000002A7EF969DB0>
      finish pytest_plugin_registered --> [] [hook]
      pytest_plugin_registered [hook]
          plugin: <module '_pytest.fixtures' from 'C:\\Users\\mas13\\AppData\\Local\\Packages\\PythonSoftwareFoundation.Python.3.10_qbz5n2kfra8p0\\LocalCache\\local-packages\\Python310\\site-packages\\_pytest\\fixtures.py'>
          manager: <_pytest.config.PytestPluginManager object at 0x000002A7EF969DB0>
      finish pytest_plugin_registered --> [] [hook]
      pytest_plugin_registered [hook]
          plugin: <module '_pytest.helpconfig' from 'C:\\Users\\mas13\\AppData\\Local\\Packages\\PythonSoftwareFoundation.Python.3.10_qbz5n2kfra8p0\\LocalCache\\local-packages\\Python310\\site-packages\\_pytest\\helpconfig.py'>
          manager: <_pytest.config.PytestPluginManager object at 0x000002A7EF969DB0>
      finish pytest_plugin_registered --> [] [hook]
      pytest_plugin_registered [hook]
          plugin: <module '_pytest.python' from 'C:\\Users\\mas13\\AppData\\Local\\Packages\\PythonSoftwareFoundation.Python.3.10_qbz5n2kfra8p0\\LocalCache\\local-packages\\Python310\\site-packages\\_pytest\\python.py'>
          manager: <_pytest.config.PytestPluginManager object at 0x000002A7EF969DB0>
      finish pytest_plugin_registered --> [] [hook]
      pytest_plugin_registered [hook]
          plugin: <module '_pytest.terminal' from 'C:\\Users\\mas13\\AppData\\Local\\Packages\\PythonSoftwareFoundation.Python.3.10_qbz5n2kfra8p0\\LocalCache\\local-packages\\Python310\\site-packages\\_pytest\\terminal.py'>
          manager: <_pytest.config.PytestPluginManager object at 0x000002A7EF969DB0>
      finish pytest_plugin_registered --> [] [hook]
      pytest_plugin_registered [hook]
          plugin: <module '_pytest.debugging' from 'C:\\Users\\mas13\\AppData\\Local\\Packages\\PythonSoftwareFoundation.Python.3.10_qbz5n2kfra8p0\\LocalCache\\local-packages\\Python310\\site-packages\\_pytest\\debugging.py'>
          manager: <_pytest.config.PytestPluginManager object at 0x000002A7EF969DB0>
      finish pytest_plugin_registered --> [] [hook]
      pytest_plugin_registered [hook]
          plugin: <module '_pytest.unittest' from 'C:\\Users\\mas13\\AppData\\Local\\Packages\\PythonSoftwareFoundation.Python.3.10_qbz5n2kfra8p0\\LocalCache\\local-packages\\Python310\\site-packages\\_pytest\\unittest.py'>
          manager: <_pytest.config.PytestPluginManager object at 0x000002A7EF969DB0>
      finish pytest_plugin_registered --> [] [hook]
      pytest_plugin_registered [hook]
          plugin: <module '_pytest.capture' from 'C:\\Users\\mas13\\AppData\\Local\\Packages\\PythonSoftwareFoundation.Python.3.10_qbz5n2kfra8p0\\LocalCache\\local-packages\\Python310\\site-packages\\_pytest\\capture.py'>
          manager: <_pytest.config.PytestPluginManager object at 0x000002A7EF969DB0>
      finish pytest_plugin_registered --> [] [hook]
      pytest_plugin_registered [hook]
          plugin: <module '_pytest.skipping' from 'C:\\Users\\mas13\\AppData\\Local\\Packages\\PythonSoftwareFoundation.Python.3.10_qbz5n2kfra8p0\\LocalCache\\local-packages\\Python310\\site-packages\\_pytest\\skipping.py'>
          manager: <_pytest.config.PytestPluginManager object at 0x000002A7EF969DB0>
      finish pytest_plugin_registered --> [] [hook]
      pytest_plugin_registered [hook]
          plugin: <module '_pytest.legacypath' from 'C:\\Users\\mas13\\AppData\\Local\\Packages\\PythonSoftwareFoundation.Python.3.10_qbz5n2kfra8p0\\LocalCache\\local-packages\\Python310\\site-packages\\_pytest\\legacypath.py'>
          manager: <_pytest.config.PytestPluginManager object at 0x000002A7EF969DB0>
      finish pytest_plugin_registered --> [] [hook]
      pytest_plugin_registered [hook]
          plugin: <module '_pytest.tmpdir' from 'C:\\Users\\mas13\\AppData\\Local\\Packages\\PythonSoftwareFoundation.Python.3.10_qbz5n2kfra8p0\\LocalCache\\local-packages\\Python310\\site-packages\\_pytest\\tmpdir.py'>
          manager: <_pytest.config.PytestPluginManager object at 0x000002A7EF969DB0>
      finish pytest_plugin_registered --> [] [hook]
      pytest_plugin_registered [hook]
          plugin: <module '_pytest.monkeypatch' from 'C:\\Users\\mas13\\AppData\\Local\\Packages\\PythonSoftwareFoundation.Python.3.10_qbz5n2kfra8p0\\LocalCache\\local-packages\\Python310\\site-packages\\_pytest\\monkeypatch.py'>
          manager: <_pytest.config.PytestPluginManager object at 0x000002A7EF969DB0>
      finish pytest_plugin_registered --> [] [hook]
      pytest_plugin_registered [hook]
          plugin: <module '_pytest.recwarn' from 'C:\\Users\\mas13\\AppData\\Local\\Packages\\PythonSoftwareFoundation.Python.3.10_qbz5n2kfra8p0\\LocalCache\\local-packages\\Python310\\site-packages\\_pytest\\recwarn.py'>
          manager: <_pytest.config.PytestPluginManager object at 0x000002A7EF969DB0>
      finish pytest_plugin_registered --> [] [hook]
      pytest_plugin_registered [hook]
          plugin: <module '_pytest.pastebin' from 'C:\\Users\\mas13\\AppData\\Local\\Packages\\PythonSoftwareFoundation.Python.3.10_qbz5n2kfra8p0\\LocalCache\\local-packages\\Python310\\site-packages\\_pytest\\pastebin.py'>
          manager: <_pytest.config.PytestPluginManager object at 0x000002A7EF969DB0>
      finish pytest_plugin_registered --> [] [hook]
      pytest_plugin_registered [hook]
          plugin: <module '_pytest.nose' from 'C:\\Users\\mas13\\AppData\\Local\\Packages\\PythonSoftwareFoundation.Python.3.10_qbz5n2kfra8p0\\LocalCache\\local-packages\\Python310\\site-packages\\_pytest\\nose.py'>
          manager: <_pytest.config.PytestPluginManager object at 0x000002A7EF969DB0>
      finish pytest_plugin_registered --> [] [hook]
      pytest_plugin_registered [hook]
          plugin: <module '_pytest.assertion' from 'C:\\Users\\mas13\\AppData\\Local\\Packages\\PythonSoftwareFoundation.Python.3.10_qbz5n2kfra8p0\\LocalCache\\local-packages\\Python310\\site-packages\\_pytest\\assertion\\__init__.py'>
          manager: <_pytest.config.PytestPluginManager object at 0x000002A7EF969DB0>
      finish pytest_plugin_registered --> [] [hook]
      pytest_plugin_registered [hook]
          plugin: <module '_pytest.junitxml' from 'C:\\Users\\mas13\\AppData\\Local\\Packages\\PythonSoftwareFoundation.Python.3.10_qbz5n2kfra8p0\\LocalCache\\local-packages\\Python310\\site-packages\\_pytest\\junitxml.py'>
          manager: <_pytest.config.PytestPluginManager object at 0x000002A7EF969DB0>
      finish pytest_plugin_registered --> [] [hook]
      pytest_plugin_registered [hook]
          plugin: <module '_pytest.doctest' from 'C:\\Users\\mas13\\AppData\\Local\\Packages\\PythonSoftwareFoundation.Python.3.10_qbz5n2kfra8p0\\LocalCache\\local-packages\\Python310\\site-packages\\_pytest\\doctest.py'>
          manager: <_pytest.config.PytestPluginManager object at 0x000002A7EF969DB0>
      finish pytest_plugin_registered --> [] [hook]
      pytest_plugin_registered [hook]
          plugin: <module '_pytest.cacheprovider' from 'C:\\Users\\mas13\\AppData\\Local\\Packages\\PythonSoftwareFoundation.Python.3.10_qbz5n2kfra8p0\\LocalCache\\local-packages\\Python310\\site-packages\\_pytest\\cacheprovider.py'>
          manager: <_pytest.config.PytestPluginManager object at 0x000002A7EF969DB0>
      finish pytest_plugin_registered --> [] [hook]
      pytest_plugin_registered [hook]
          plugin: <module '_pytest.freeze_support' from 'C:\\Users\\mas13\\AppData\\Local\\Packages\\PythonSoftwareFoundation.Python.3.10_qbz5n2kfra8p0\\LocalCache\\local-packages\\Python310\\site-packages\\_pytest\\freeze_support.py'>
          manager: <_pytest.config.PytestPluginManager object at 0x000002A7EF969DB0>
      finish pytest_plugin_registered --> [] [hook]
      pytest_plugin_registered [hook]
          plugin: <module '_pytest.setuponly' from 'C:\\Users\\mas13\\AppData\\Local\\Packages\\PythonSoftwareFoundation.Python.3.10_qbz5n2kfra8p0\\LocalCache\\local-packages\\Python310\\site-packages\\_pytest\\setuponly.py'>
          manager: <_pytest.config.PytestPluginManager object at 0x000002A7EF969DB0>
      finish pytest_plugin_registered --> [] [hook]
      pytest_plugin_registered [hook]
          plugin: <module '_pytest.setupplan' from 'C:\\Users\\mas13\\AppData\\Local\\Packages\\PythonSoftwareFoundation.Python.3.10_qbz5n2kfra8p0\\LocalCache\\local-packages\\Python310\\site-packages\\_pytest\\setupplan.py'>
          manager: <_pytest.config.PytestPluginManager object at 0x000002A7EF969DB0>
      finish pytest_plugin_registered --> [] [hook]
      pytest_plugin_registered [hook]
          plugin: <module '_pytest.stepwise' from 'C:\\Users\\mas13\\AppData\\Local\\Packages\\PythonSoftwareFoundation.Python.3.10_qbz5n2kfra8p0\\LocalCache\\local-packages\\Python310\\site-packages\\_pytest\\stepwise.py'>
          manager: <_pytest.config.PytestPluginManager object at 0x000002A7EF969DB0>
      finish pytest_plugin_registered --> [] [hook]
      pytest_plugin_registered [hook]
          plugin: <module '_pytest.warnings' from 'C:\\Users\\mas13\\AppData\\Local\\Packages\\PythonSoftwareFoundation.Python.3.10_qbz5n2kfra8p0\\LocalCache\\local-packages\\Python310\\site-packages\\_pytest\\warnings.py'>
          manager: <_pytest.config.PytestPluginManager object at 0x000002A7EF969DB0>
      finish pytest_plugin_registered --> [] [hook]
      pytest_plugin_registered [hook]
          plugin: <module '_pytest.logging' from 'C:\\Users\\mas13\\AppData\\Local\\Packages\\PythonSoftwareFoundation.Python.3.10_qbz5n2kfra8p0\\LocalCache\\local-packages\\Python310\\site-packages\\_pytest\\logging.py'>
          manager: <_pytest.config.PytestPluginManager object at 0x000002A7EF969DB0>
      finish pytest_plugin_registered --> [] [hook]
      pytest_plugin_registered [hook]
          plugin: <module '_pytest.reports' from 'C:\\Users\\mas13\\AppData\\Local\\Packages\\PythonSoftwareFoundation.Python.3.10_qbz5n2kfra8p0\\LocalCache\\local-packages\\Python310\\site-packages\\_pytest\\reports.py'>
          manager: <_pytest.config.PytestPluginManager object at 0x000002A7EF969DB0>
      finish pytest_plugin_registered --> [] [hook]
      pytest_plugin_registered [hook]
          plugin: <module '_pytest.python_path' from 'C:\\Users\\mas13\\AppData\\Local\\Packages\\PythonSoftwareFoundation.Python.3.10_qbz5n2kfra8p0\\LocalCache\\local-packages\\Python310\\site-packages\\_pytest\\python_path.py'>
          manager: <_pytest.config.PytestPluginManager object at 0x000002A7EF969DB0>
      finish pytest_plugin_registered --> [] [hook]
      pytest_plugin_registered [hook]
          plugin: <module '_pytest.unraisableexception' from 'C:\\Users\\mas13\\AppData\\Local\\Packages\\PythonSoftwareFoundation.Python.3.10_qbz5n2kfra8p0\\LocalCache\\local-packages\\Python310\\site-packages\\_pytest\\unraisableexception.py'>
          manager: <_pytest.config.PytestPluginManager object at 0x000002A7EF969DB0>
      finish pytest_plugin_registered --> [] [hook]
      pytest_plugin_registered [hook]
          plugin: <module '_pytest.threadexception' from 'C:\\Users\\mas13\\AppData\\Local\\Packages\\PythonSoftwareFoundation.Python.3.10_qbz5n2kfra8p0\\LocalCache\\local-packages\\Python310\\site-packages\\_pytest\\threadexception.py'>
          manager: <_pytest.config.PytestPluginManager object at 0x000002A7EF969DB0>
      finish pytest_plugin_registered --> [] [hook]
      pytest_plugin_registered [hook]
          plugin: <module '_pytest.faulthandler' from 'C:\\Users\\mas13\\AppData\\Local\\Packages\\PythonSoftwareFoundation.Python.3.10_qbz5n2kfra8p0\\LocalCache\\local-packages\\Python310\\site-packages\\_pytest\\faulthandler.py'>
          manager: <_pytest.config.PytestPluginManager object at 0x000002A7EF969DB0>
      finish pytest_plugin_registered --> [] [hook]
      pytest_plugin_registered [hook]
          plugin: <module 'pytest_base_url.plugin' from 'C:\\Users\\mas13\\AppData\\Local\\Packages\\PythonSoftwareFoundation.Python.3.10_qbz5n2kfra8p0\\LocalCache\\local-packages\\Python310\\site-packages\\pytest_base_url\\plugin.py'>
          manager: <_pytest.config.PytestPluginManager object at 0x000002A7EF969DB0>
      finish pytest_plugin_registered --> [] [hook]
      pytest_plugin_registered [hook]
          plugin: <module 'pytest_flask.plugin' from 'C:\\Users\\mas13\\AppData\\Local\\Packages\\PythonSoftwareFoundation.Python.3.10_qbz5n2kfra8p0\\LocalCache\\local-packages\\Python310\\site-packages\\pytest_flask\\plugin.py'>
          manager: <_pytest.config.PytestPluginManager object at 0x000002A7EF969DB0>
      finish pytest_plugin_registered --> [] [hook]
      pytest_plugin_registered [hook]
          plugin: <module 'pytest_playwright.pytest_playwright' from 'C:\\Users\\mas13\\AppData\\Local\\Packages\\PythonSoftwareFoundation.Python.3.10_qbz5n2kfra8p0\\LocalCache\\local-packages\\Python310\\site-packages\\pytest_playwright\\pytest_playwright.py'>
          manager: <_pytest.config.PytestPluginManager object at 0x000002A7EF969DB0>
      finish pytest_plugin_registered --> [] [hook]
      pytest_plugin_registered [hook]
          plugin: <CaptureManager _method='fd' _global_capturing=<MultiCapture out=<FDCapture 1 oldfd=8 _state='suspended' tmpfile=<_io.TextIOWrapper name='<tempfile._TemporaryFileWrapper object at 0x000002A7F2CB1330>' mode='r+' encoding='utf-8'>> err=<FDCapture 2 oldfd=10 _state='suspended' tmpfile=<_io.TextIOWrapper name='<tempfile._TemporaryFileWrapper object at 0x000002A7F2CB1600>' mode='r+' encoding='utf-8'>> in_=<FDCapture 0 oldfd=6 _state='started' tmpfile=<_io.TextIOWrapper name='nul' mode='r' encoding='utf-8'>> _state='suspended' _in_suspended=False> _capture_fixture=None>
          manager: <_pytest.config.PytestPluginManager object at 0x000002A7EF969DB0>
      finish pytest_plugin_registered --> [] [hook]
      pytest_plugin_registered [hook]
          plugin: <Session github-actions-backend exitstatus=<ExitCode.OK: 0> testsfailed=0 testscollected=0>
          manager: <_pytest.config.PytestPluginManager object at 0x000002A7EF969DB0>
      finish pytest_plugin_registered --> [] [hook]
      pytest_plugin_registered [hook]
          plugin: <_pytest.cacheprovider.LFPlugin object at 0x000002A7F2CB1CF0>
          manager: <_pytest.config.PytestPluginManager object at 0x000002A7EF969DB0>
      finish pytest_plugin_registered --> [] [hook]
      pytest_plugin_registered [hook]
          plugin: <_pytest.cacheprovider.NFPlugin object at 0x000002A7F2CB1F30>
          manager: <_pytest.config.PytestPluginManager object at 0x000002A7EF969DB0>
      finish pytest_plugin_registered --> [] [hook]
      pytest_plugin_registered [hook]
          plugin: <class '_pytest.legacypath.LegacyTmpdirPlugin'>
          manager: <_pytest.config.PytestPluginManager object at 0x000002A7EF969DB0>
      finish pytest_plugin_registered --> [] [hook]
      pytest_plugin_registered [hook]
          plugin: <_pytest.terminal.TerminalReporter object at 0x000002A7F2CB2230>
          manager: <_pytest.config.PytestPluginManager object at 0x000002A7EF969DB0>
      finish pytest_plugin_registered --> [] [hook]
      pytest_plugin_registered [hook]
          plugin: <_pytest.logging.LoggingPlugin object at 0x000002A7F2CB3F70>
          manager: <_pytest.config.PytestPluginManager object at 0x000002A7EF969DB0>
      finish pytest_plugin_registered --> [] [hook]
    finish pytest_configure --> [] [hook]
    pytest_sessionstart [hook]
        session: <Session github-actions-backend exitstatus=<ExitCode.OK: 0> testsfailed=0 testscollected=0>
      pytest_plugin_registered [hook]
          plugin: <_pytest.config.PytestPluginManager object at 0x000002A7EF969DB0>
          manager: <_pytest.config.PytestPluginManager object at 0x000002A7EF969DB0>
      finish pytest_plugin_registered --> [] [hook]
      pytest_plugin_registered [hook]
          plugin: <_pytest.config.Config object at 0x000002A7F08886D0>
          manager: <_pytest.config.PytestPluginManager object at 0x000002A7EF969DB0>
      finish pytest_plugin_registered --> [] [hook]
      pytest_plugin_registered [hook]
          plugin: <module '_pytest.mark' from 'C:\\Users\\mas13\\AppData\\Local\\Packages\\PythonSoftwareFoundation.Python.3.10_qbz5n2kfra8p0\\LocalCache\\local-packages\\Python310\\site-packages\\_pytest\\mark\\__init__.py'>
          manager: <_pytest.config.PytestPluginManager object at 0x000002A7EF969DB0>
      finish pytest_plugin_registered --> [] [hook]
      pytest_plugin_registered [hook]
          plugin: <module '_pytest.main' from 'C:\\Users\\mas13\\AppData\\Local\\Packages\\PythonSoftwareFoundation.Python.3.10_qbz5n2kfra8p0\\LocalCache\\local-packages\\Python310\\site-packages\\_pytest\\main.py'>
          manager: <_pytest.config.PytestPluginManager object at 0x000002A7EF969DB0>
      finish pytest_plugin_registered --> [] [hook]
      pytest_plugin_registered [hook]
          plugin: <module '_pytest.runner' from 'C:\\Users\\mas13\\AppData\\Local\\Packages\\PythonSoftwareFoundation.Python.3.10_qbz5n2kfra8p0\\LocalCache\\local-packages\\Python310\\site-packages\\_pytest\\runner.py'>
          manager: <_pytest.config.PytestPluginManager object at 0x000002A7EF969DB0>
      finish pytest_plugin_registered --> [] [hook]
      pytest_plugin_registered [hook]
          plugin: <module '_pytest.fixtures' from 'C:\\Users\\mas13\\AppData\\Local\\Packages\\PythonSoftwareFoundation.Python.3.10_qbz5n2kfra8p0\\LocalCache\\local-packages\\Python310\\site-packages\\_pytest\\fixtures.py'>
          manager: <_pytest.config.PytestPluginManager object at 0x000002A7EF969DB0>
      finish pytest_plugin_registered --> [] [hook]
      pytest_plugin_registered [hook]
          plugin: <module '_pytest.helpconfig' from 'C:\\Users\\mas13\\AppData\\Local\\Packages\\PythonSoftwareFoundation.Python.3.10_qbz5n2kfra8p0\\LocalCache\\local-packages\\Python310\\site-packages\\_pytest\\helpconfig.py'>
          manager: <_pytest.config.PytestPluginManager object at 0x000002A7EF969DB0>
      finish pytest_plugin_registered --> [] [hook]
      pytest_plugin_registered [hook]
          plugin: <module '_pytest.python' from 'C:\\Users\\mas13\\AppData\\Local\\Packages\\PythonSoftwareFoundation.Python.3.10_qbz5n2kfra8p0\\LocalCache\\local-packages\\Python310\\site-packages\\_pytest\\python.py'>
          manager: <_pytest.config.PytestPluginManager object at 0x000002A7EF969DB0>
      finish pytest_plugin_registered --> [] [hook]
      pytest_plugin_registered [hook]
          plugin: <module '_pytest.terminal' from 'C:\\Users\\mas13\\AppData\\Local\\Packages\\PythonSoftwareFoundation.Python.3.10_qbz5n2kfra8p0\\LocalCache\\local-packages\\Python310\\site-packages\\_pytest\\terminal.py'>
          manager: <_pytest.config.PytestPluginManager object at 0x000002A7EF969DB0>
      finish pytest_plugin_registered --> [] [hook]
      pytest_plugin_registered [hook]
          plugin: <module '_pytest.debugging' from 'C:\\Users\\mas13\\AppData\\Local\\Packages\\PythonSoftwareFoundation.Python.3.10_qbz5n2kfra8p0\\LocalCache\\local-packages\\Python310\\site-packages\\_pytest\\debugging.py'>
          manager: <_pytest.config.PytestPluginManager object at 0x000002A7EF969DB0>
      finish pytest_plugin_registered --> [] [hook]
      pytest_plugin_registered [hook]
          plugin: <module '_pytest.unittest' from 'C:\\Users\\mas13\\AppData\\Local\\Packages\\PythonSoftwareFoundation.Python.3.10_qbz5n2kfra8p0\\LocalCache\\local-packages\\Python310\\site-packages\\_pytest\\unittest.py'>
          manager: <_pytest.config.PytestPluginManager object at 0x000002A7EF969DB0>
      finish pytest_plugin_registered --> [] [hook]
      pytest_plugin_registered [hook]
          plugin: <module '_pytest.capture' from 'C:\\Users\\mas13\\AppData\\Local\\Packages\\PythonSoftwareFoundation.Python.3.10_qbz5n2kfra8p0\\LocalCache\\local-packages\\Python310\\site-packages\\_pytest\\capture.py'>
          manager: <_pytest.config.PytestPluginManager object at 0x000002A7EF969DB0>
      finish pytest_plugin_registered --> [] [hook]
      pytest_plugin_registered [hook]
          plugin: <module '_pytest.skipping' from 'C:\\Users\\mas13\\AppData\\Local\\Packages\\PythonSoftwareFoundation.Python.3.10_qbz5n2kfra8p0\\LocalCache\\local-packages\\Python310\\site-packages\\_pytest\\skipping.py'>
          manager: <_pytest.config.PytestPluginManager object at 0x000002A7EF969DB0>
      finish pytest_plugin_registered --> [] [hook]
      pytest_plugin_registered [hook]
          plugin: <module '_pytest.legacypath' from 'C:\\Users\\mas13\\AppData\\Local\\Packages\\PythonSoftwareFoundation.Python.3.10_qbz5n2kfra8p0\\LocalCache\\local-packages\\Python310\\site-packages\\_pytest\\legacypath.py'>
          manager: <_pytest.config.PytestPluginManager object at 0x000002A7EF969DB0>
      finish pytest_plugin_registered --> [] [hook]
      pytest_plugin_registered [hook]
          plugin: <module '_pytest.tmpdir' from 'C:\\Users\\mas13\\AppData\\Local\\Packages\\PythonSoftwareFoundation.Python.3.10_qbz5n2kfra8p0\\LocalCache\\local-packages\\Python310\\site-packages\\_pytest\\tmpdir.py'>
          manager: <_pytest.config.PytestPluginManager object at 0x000002A7EF969DB0>
      finish pytest_plugin_registered --> [] [hook]
      pytest_plugin_registered [hook]
          plugin: <module '_pytest.monkeypatch' from 'C:\\Users\\mas13\\AppData\\Local\\Packages\\PythonSoftwareFoundation.Python.3.10_qbz5n2kfra8p0\\LocalCache\\local-packages\\Python310\\site-packages\\_pytest\\monkeypatch.py'>
          manager: <_pytest.config.PytestPluginManager object at 0x000002A7EF969DB0>
      finish pytest_plugin_registered --> [] [hook]
      pytest_plugin_registered [hook]
          plugin: <module '_pytest.recwarn' from 'C:\\Users\\mas13\\AppData\\Local\\Packages\\PythonSoftwareFoundation.Python.3.10_qbz5n2kfra8p0\\LocalCache\\local-packages\\Python310\\site-packages\\_pytest\\recwarn.py'>
          manager: <_pytest.config.PytestPluginManager object at 0x000002A7EF969DB0>
      finish pytest_plugin_registered --> [] [hook]
      pytest_plugin_registered [hook]
          plugin: <module '_pytest.pastebin' from 'C:\\Users\\mas13\\AppData\\Local\\Packages\\PythonSoftwareFoundation.Python.3.10_qbz5n2kfra8p0\\LocalCache\\local-packages\\Python310\\site-packages\\_pytest\\pastebin.py'>
          manager: <_pytest.config.PytestPluginManager object at 0x000002A7EF969DB0>
      finish pytest_plugin_registered --> [] [hook]
      pytest_plugin_registered [hook]
          plugin: <module '_pytest.nose' from 'C:\\Users\\mas13\\AppData\\Local\\Packages\\PythonSoftwareFoundation.Python.3.10_qbz5n2kfra8p0\\LocalCache\\local-packages\\Python310\\site-packages\\_pytest\\nose.py'>
          manager: <_pytest.config.PytestPluginManager object at 0x000002A7EF969DB0>
      finish pytest_plugin_registered --> [] [hook]
      pytest_plugin_registered [hook]
          plugin: <module '_pytest.assertion' from 'C:\\Users\\mas13\\AppData\\Local\\Packages\\PythonSoftwareFoundation.Python.3.10_qbz5n2kfra8p0\\LocalCache\\local-packages\\Python310\\site-packages\\_pytest\\assertion\\__init__.py'>
          manager: <_pytest.config.PytestPluginManager object at 0x000002A7EF969DB0>
      finish pytest_plugin_registered --> [] [hook]
      pytest_plugin_registered [hook]
          plugin: <module '_pytest.junitxml' from 'C:\\Users\\mas13\\AppData\\Local\\Packages\\PythonSoftwareFoundation.Python.3.10_qbz5n2kfra8p0\\LocalCache\\local-packages\\Python310\\site-packages\\_pytest\\junitxml.py'>
          manager: <_pytest.config.PytestPluginManager object at 0x000002A7EF969DB0>
      finish pytest_plugin_registered --> [] [hook]
      pytest_plugin_registered [hook]
          plugin: <module '_pytest.doctest' from 'C:\\Users\\mas13\\AppData\\Local\\Packages\\PythonSoftwareFoundation.Python.3.10_qbz5n2kfra8p0\\LocalCache\\local-packages\\Python310\\site-packages\\_pytest\\doctest.py'>
          manager: <_pytest.config.PytestPluginManager object at 0x000002A7EF969DB0>
      finish pytest_plugin_registered --> [] [hook]
      pytest_plugin_registered [hook]
          plugin: <module '_pytest.cacheprovider' from 'C:\\Users\\mas13\\AppData\\Local\\Packages\\PythonSoftwareFoundation.Python.3.10_qbz5n2kfra8p0\\LocalCache\\local-packages\\Python310\\site-packages\\_pytest\\cacheprovider.py'>
          manager: <_pytest.config.PytestPluginManager object at 0x000002A7EF969DB0>
      finish pytest_plugin_registered --> [] [hook]
      pytest_plugin_registered [hook]
          plugin: <module '_pytest.freeze_support' from 'C:\\Users\\mas13\\AppData\\Local\\Packages\\PythonSoftwareFoundation.Python.3.10_qbz5n2kfra8p0\\LocalCache\\local-packages\\Python310\\site-packages\\_pytest\\freeze_support.py'>
          manager: <_pytest.config.PytestPluginManager object at 0x000002A7EF969DB0>
      finish pytest_plugin_registered --> [] [hook]
      pytest_plugin_registered [hook]
          plugin: <module '_pytest.setuponly' from 'C:\\Users\\mas13\\AppData\\Local\\Packages\\PythonSoftwareFoundation.Python.3.10_qbz5n2kfra8p0\\LocalCache\\local-packages\\Python310\\site-packages\\_pytest\\setuponly.py'>
          manager: <_pytest.config.PytestPluginManager object at 0x000002A7EF969DB0>
      finish pytest_plugin_registered --> [] [hook]
      pytest_plugin_registered [hook]
          plugin: <module '_pytest.setupplan' from 'C:\\Users\\mas13\\AppData\\Local\\Packages\\PythonSoftwareFoundation.Python.3.10_qbz5n2kfra8p0\\LocalCache\\local-packages\\Python310\\site-packages\\_pytest\\setupplan.py'>
          manager: <_pytest.config.PytestPluginManager object at 0x000002A7EF969DB0>
      finish pytest_plugin_registered --> [] [hook]
      pytest_plugin_registered [hook]
          plugin: <module '_pytest.stepwise' from 'C:\\Users\\mas13\\AppData\\Local\\Packages\\PythonSoftwareFoundation.Python.3.10_qbz5n2kfra8p0\\LocalCache\\local-packages\\Python310\\site-packages\\_pytest\\stepwise.py'>
          manager: <_pytest.config.PytestPluginManager object at 0x000002A7EF969DB0>
      finish pytest_plugin_registered --> [] [hook]
      pytest_plugin_registered [hook]
          plugin: <module '_pytest.warnings' from 'C:\\Users\\mas13\\AppData\\Local\\Packages\\PythonSoftwareFoundation.Python.3.10_qbz5n2kfra8p0\\LocalCache\\local-packages\\Python310\\site-packages\\_pytest\\warnings.py'>
          manager: <_pytest.config.PytestPluginManager object at 0x000002A7EF969DB0>
      finish pytest_plugin_registered --> [] [hook]
      pytest_plugin_registered [hook]
          plugin: <module '_pytest.logging' from 'C:\\Users\\mas13\\AppData\\Local\\Packages\\PythonSoftwareFoundation.Python.3.10_qbz5n2kfra8p0\\LocalCache\\local-packages\\Python310\\site-packages\\_pytest\\logging.py'>
          manager: <_pytest.config.PytestPluginManager object at 0x000002A7EF969DB0>
      finish pytest_plugin_registered --> [] [hook]
      pytest_plugin_registered [hook]
          plugin: <module '_pytest.reports' from 'C:\\Users\\mas13\\AppData\\Local\\Packages\\PythonSoftwareFoundation.Python.3.10_qbz5n2kfra8p0\\LocalCache\\local-packages\\Python310\\site-packages\\_pytest\\reports.py'>
          manager: <_pytest.config.PytestPluginManager object at 0x000002A7EF969DB0>
      finish pytest_plugin_registered --> [] [hook]
      pytest_plugin_registered [hook]
          plugin: <module '_pytest.python_path' from 'C:\\Users\\mas13\\AppData\\Local\\Packages\\PythonSoftwareFoundation.Python.3.10_qbz5n2kfra8p0\\LocalCache\\local-packages\\Python310\\site-packages\\_pytest\\python_path.py'>
          manager: <_pytest.config.PytestPluginManager object at 0x000002A7EF969DB0>
      finish pytest_plugin_registered --> [] [hook]
      pytest_plugin_registered [hook]
          plugin: <module '_pytest.unraisableexception' from 'C:\\Users\\mas13\\AppData\\Local\\Packages\\PythonSoftwareFoundation.Python.3.10_qbz5n2kfra8p0\\LocalCache\\local-packages\\Python310\\site-packages\\_pytest\\unraisableexception.py'>
          manager: <_pytest.config.PytestPluginManager object at 0x000002A7EF969DB0>
      finish pytest_plugin_registered --> [] [hook]
      pytest_plugin_registered [hook]
          plugin: <module '_pytest.threadexception' from 'C:\\Users\\mas13\\AppData\\Local\\Packages\\PythonSoftwareFoundation.Python.3.10_qbz5n2kfra8p0\\LocalCache\\local-packages\\Python310\\site-packages\\_pytest\\threadexception.py'>
          manager: <_pytest.config.PytestPluginManager object at 0x000002A7EF969DB0>
      finish pytest_plugin_registered --> [] [hook]
      pytest_plugin_registered [hook]
          plugin: <module '_pytest.faulthandler' from 'C:\\Users\\mas13\\AppData\\Local\\Packages\\PythonSoftwareFoundation.Python.3.10_qbz5n2kfra8p0\\LocalCache\\local-packages\\Python310\\site-packages\\_pytest\\faulthandler.py'>
          manager: <_pytest.config.PytestPluginManager object at 0x000002A7EF969DB0>
      finish pytest_plugin_registered --> [] [hook]
      pytest_plugin_registered [hook]
          plugin: <module 'pytest_base_url.plugin' from 'C:\\Users\\mas13\\AppData\\Local\\Packages\\PythonSoftwareFoundation.Python.3.10_qbz5n2kfra8p0\\LocalCache\\local-packages\\Python310\\site-packages\\pytest_base_url\\plugin.py'>
          manager: <_pytest.config.PytestPluginManager object at 0x000002A7EF969DB0>
      finish pytest_plugin_registered --> [] [hook]
      pytest_plugin_registered [hook]
          plugin: <module 'pytest_flask.plugin' from 'C:\\Users\\mas13\\AppData\\Local\\Packages\\PythonSoftwareFoundation.Python.3.10_qbz5n2kfra8p0\\LocalCache\\local-packages\\Python310\\site-packages\\pytest_flask\\plugin.py'>
          manager: <_pytest.config.PytestPluginManager object at 0x000002A7EF969DB0>
      finish pytest_plugin_registered --> [] [hook]
      pytest_plugin_registered [hook]
          plugin: <module 'pytest_playwright.pytest_playwright' from 'C:\\Users\\mas13\\AppData\\Local\\Packages\\PythonSoftwareFoundation.Python.3.10_qbz5n2kfra8p0\\LocalCache\\local-packages\\Python310\\site-packages\\pytest_playwright\\pytest_playwright.py'>
          manager: <_pytest.config.PytestPluginManager object at 0x000002A7EF969DB0>
      finish pytest_plugin_registered --> [] [hook]
      pytest_plugin_registered [hook]
          plugin: <CaptureManager _method='fd' _global_capturing=<MultiCapture out=<FDCapture 1 oldfd=8 _state='suspended' tmpfile=<_io.TextIOWrapper name='<tempfile._TemporaryFileWrapper object at 0x000002A7F2CB1330>' mode='r+' encoding='utf-8'>> err=<FDCapture 2 oldfd=10 _state='suspended' tmpfile=<_io.TextIOWrapper name='<tempfile._TemporaryFileWrapper object at 0x000002A7F2CB1600>' mode='r+' encoding='utf-8'>> in_=<FDCapture 0 oldfd=6 _state='started' tmpfile=<_io.TextIOWrapper name='nul' mode='r' encoding='utf-8'>> _state='suspended' _in_suspended=False> _capture_fixture=None>
          manager: <_pytest.config.PytestPluginManager object at 0x000002A7EF969DB0>
      finish pytest_plugin_registered --> [] [hook]
      pytest_plugin_registered [hook]
          plugin: <Session github-actions-backend exitstatus=<ExitCode.OK: 0> testsfailed=0 testscollected=0>
          manager: <_pytest.config.PytestPluginManager object at 0x000002A7EF969DB0>
      finish pytest_plugin_registered --> [] [hook]
      pytest_plugin_registered [hook]
          plugin: <_pytest.cacheprovider.LFPlugin object at 0x000002A7F2CB1CF0>
          manager: <_pytest.config.PytestPluginManager object at 0x000002A7EF969DB0>
      finish pytest_plugin_registered --> [] [hook]
      pytest_plugin_registered [hook]
          plugin: <_pytest.cacheprovider.NFPlugin object at 0x000002A7F2CB1F30>
          manager: <_pytest.config.PytestPluginManager object at 0x000002A7EF969DB0>
      finish pytest_plugin_registered --> [] [hook]
      pytest_plugin_registered [hook]
          plugin: <class '_pytest.legacypath.LegacyTmpdirPlugin'>
          manager: <_pytest.config.PytestPluginManager object at 0x000002A7EF969DB0>
      finish pytest_plugin_registered --> [] [hook]
      pytest_plugin_registered [hook]
          plugin: <_pytest.terminal.TerminalReporter object at 0x000002A7F2CB2230>
          manager: <_pytest.config.PytestPluginManager object at 0x000002A7EF969DB0>
      finish pytest_plugin_registered --> [] [hook]
      pytest_plugin_registered [hook]
          plugin: <_pytest.logging.LoggingPlugin object at 0x000002A7F2CB3F70>
          manager: <_pytest.config.PytestPluginManager object at 0x000002A7EF969DB0>
      finish pytest_plugin_registered --> [] [hook]
      pytest_plugin_registered [hook]
          plugin: <_pytest.fixtures.FixtureManager object at 0x000002A7F2CB1C00>
          manager: <_pytest.config.PytestPluginManager object at 0x000002A7EF969DB0>
      finish pytest_plugin_registered --> [] [hook]
      pytest_report_header [hook]
          config: <_pytest.config.Config object at 0x000002A7F08886D0>
          start_path: C:\Users\mas13\Documents\GitHub\SoftwareEngineeringGitHub\github-actions-backend
          startdir: C:\Users\mas13\Documents\GitHub\SoftwareEngineeringGitHub\github-actions-backend
      finish pytest_report_header --> [['rootdir: C:\\Users\\mas13\\Documents\\GitHub\\SoftwareEngineeringGitHub\\github-actions-backend', 'plugins: base-url-2.0.0, flask-1.2.0, playwright-0.4.2'], ['using: pytest-7.4.2', 'setuptools registered plugins:', '  pytest-base-url-2.0.0 at C:\\Users\\mas13\\AppData\\Local\\Packages\\PythonSoftwareFoundation.Python.3.10_qbz5n2kfra8p0\\LocalCache\\local-packages\\Python310\\site-packages\\pytest_base_url\\plugin.py', '  pytest-flask-1.2.0 at C:\\Users\\mas13\\AppData\\Local\\Packages\\PythonSoftwareFoundation.Python.3.10_qbz5n2kfra8p0\\LocalCache\\local-packages\\Python310\\site-packages\\pytest_flask\\plugin.py', '  pytest-playwright-0.4.2 at C:\\Users\\mas13\\AppData\\Local\\Packages\\PythonSoftwareFoundation.Python.3.10_qbz5n2kfra8p0\\LocalCache\\local-packages\\Python310\\site-packages\\pytest_playwright\\pytest_playwright.py']] [hook]
    finish pytest_sessionstart --> [] [hook]
    pytest_collection [hook]
        session: <Session github-actions-backend exitstatus=<ExitCode.OK: 0> testsfailed=0 testscollected=0>
    perform_collect <Session github-actions-backend exitstatus=<ExitCode.OK: 0> testsfailed=0 testscollected=0> ['C:\\Users\\mas13\\Documents\\GitHub\\SoftwareEngineeringGitHub\\github-actions-backend'] [collection]
        pytest_collectstart [hook]
            collector: <Session github-actions-backend exitstatus=<ExitCode.OK: 0> testsfailed=0 testscollected=0>
        finish pytest_collectstart --> [] [hook]
        pytest_make_collect_report [hook]
            collector: <Session github-actions-backend exitstatus=<ExitCode.OK: 0> testsfailed=0 testscollected=0>
        processing argument (WindowsPath('C:/Users/mas13/Documents/GitHub/SoftwareEngineeringGitHub/github-actions-backend'), []) [collection]
            pytest_ignore_collect [hook]
                config: <_pytest.config.Config object at 0x000002A7F08886D0>
                collection_path: C:\Users\mas13\Documents\GitHub\SoftwareEngineeringGitHub\github-actions-backend\README.md
                path: C:\Users\mas13\Documents\GitHub\SoftwareEngineeringGitHub\github-actions-backend\README.md
            finish pytest_ignore_collect --> None [hook]
            pytest_collect_file [hook]
                parent: <Session github-actions-backend exitstatus=<ExitCode.OK: 0> testsfailed=0 testscollected=0>
                file_path: C:\Users\mas13\Documents\GitHub\SoftwareEngineeringGitHub\github-actions-backend\README.md
                path: C:\Users\mas13\Documents\GitHub\SoftwareEngineeringGitHub\github-actions-backend\README.md
            finish pytest_collect_file --> [] [hook]
            pytest_ignore_collect [hook]
                config: <_pytest.config.Config object at 0x000002A7F08886D0>
                collection_path: C:\Users\mas13\Documents\GitHub\SoftwareEngineeringGitHub\github-actions-backend\app.py
                path: C:\Users\mas13\Documents\GitHub\SoftwareEngineeringGitHub\github-actions-backend\app.py
            finish pytest_ignore_collect --> None [hook]
            pytest_collect_file [hook]
                parent: <Session github-actions-backend exitstatus=<ExitCode.OK: 0> testsfailed=0 testscollected=0>
                file_path: C:\Users\mas13\Documents\GitHub\SoftwareEngineeringGitHub\github-actions-backend\app.py
                path: C:\Users\mas13\Documents\GitHub\SoftwareEngineeringGitHub\github-actions-backend\app.py
            finish pytest_collect_file --> [] [hook]
            pytest_ignore_collect [hook]
                config: <_pytest.config.Config object at 0x000002A7F08886D0>
                collection_path: C:\Users\mas13\Documents\GitHub\SoftwareEngineeringGitHub\github-actions-backend\pytestdebug.log
                path: C:\Users\mas13\Documents\GitHub\SoftwareEngineeringGitHub\github-actions-backend\pytestdebug.log
            finish pytest_ignore_collect --> None [hook]
            pytest_collect_file [hook]
                parent: <Session github-actions-backend exitstatus=<ExitCode.OK: 0> testsfailed=0 testscollected=0>
                file_path: C:\Users\mas13\Documents\GitHub\SoftwareEngineeringGitHub\github-actions-backend\pytestdebug.log
                path: C:\Users\mas13\Documents\GitHub\SoftwareEngineeringGitHub\github-actions-backend\pytestdebug.log
            finish pytest_collect_file --> [] [hook]
            pytest_ignore_collect [hook]
                config: <_pytest.config.Config object at 0x000002A7F08886D0>
                collection_path: C:\Users\mas13\Documents\GitHub\SoftwareEngineeringGitHub\github-actions-backend\test_webtests.py
                path: C:\Users\mas13\Documents\GitHub\SoftwareEngineeringGitHub\github-actions-backend\test_webtests.py
            finish pytest_ignore_collect --> None [hook]
            pytest_collect_file [hook]
                parent: <Session github-actions-backend exitstatus=<ExitCode.OK: 0> testsfailed=0 testscollected=0>
                file_path: C:\Users\mas13\Documents\GitHub\SoftwareEngineeringGitHub\github-actions-backend\test_webtests.py
                path: C:\Users\mas13\Documents\GitHub\SoftwareEngineeringGitHub\github-actions-backend\test_webtests.py
              pytest_pycollect_makemodule [hook]
                  parent: <Session github-actions-backend exitstatus=<ExitCode.OK: 0> testsfailed=0 testscollected=0>
                  module_path: C:\Users\mas13\Documents\GitHub\SoftwareEngineeringGitHub\github-actions-backend\test_webtests.py
                  path: C:\Users\mas13\Documents\GitHub\SoftwareEngineeringGitHub\github-actions-backend\test_webtests.py
              finish pytest_pycollect_makemodule --> <Module test_webtests.py> [hook]
            finish pytest_collect_file --> [<Module test_webtests.py>] [hook]
            pytest_ignore_collect [hook]
                config: <_pytest.config.Config object at 0x000002A7F08886D0>
                collection_path: C:\Users\mas13\Documents\GitHub\SoftwareEngineeringGitHub\github-actions-backend\.git
                path: C:\Users\mas13\Documents\GitHub\SoftwareEngineeringGitHub\github-actions-backend\.git
            finish pytest_ignore_collect --> True [hook]
            pytest_ignore_collect [hook]
                config: <_pytest.config.Config object at 0x000002A7F08886D0>
                collection_path: C:\Users\mas13\Documents\GitHub\SoftwareEngineeringGitHub\github-actions-backend\.github
                path: C:\Users\mas13\Documents\GitHub\SoftwareEngineeringGitHub\github-actions-backend\.github
            finish pytest_ignore_collect --> True [hook]
            pytest_ignore_collect [hook]
                config: <_pytest.config.Config object at 0x000002A7F08886D0>
                collection_path: C:\Users\mas13\Documents\GitHub\SoftwareEngineeringGitHub\github-actions-backend\.pytest_cache
                path: C:\Users\mas13\Documents\GitHub\SoftwareEngineeringGitHub\github-actions-backend\.pytest_cache
            finish pytest_ignore_collect --> True [hook]
            pytest_ignore_collect [hook]
                config: <_pytest.config.Config object at 0x000002A7F08886D0>
                collection_path: C:\Users\mas13\Documents\GitHub\SoftwareEngineeringGitHub\github-actions-backend\static
                path: C:\Users\mas13\Documents\GitHub\SoftwareEngineeringGitHub\github-actions-backend\static
            finish pytest_ignore_collect --> None [hook]
            pytest_ignore_collect [hook]
                config: <_pytest.config.Config object at 0x000002A7F08886D0>
                collection_path: C:\Users\mas13\Documents\GitHub\SoftwareEngineeringGitHub\github-actions-backend\static\app.js
                path: C:\Users\mas13\Documents\GitHub\SoftwareEngineeringGitHub\github-actions-backend\static\app.js
            finish pytest_ignore_collect --> None [hook]
            pytest_collect_file [hook]
                parent: <Session github-actions-backend exitstatus=<ExitCode.OK: 0> testsfailed=0 testscollected=0>
                file_path: C:\Users\mas13\Documents\GitHub\SoftwareEngineeringGitHub\github-actions-backend\static\app.js
                path: C:\Users\mas13\Documents\GitHub\SoftwareEngineeringGitHub\github-actions-backend\static\app.js
            finish pytest_collect_file --> [] [hook]
            pytest_ignore_collect [hook]
                config: <_pytest.config.Config object at 0x000002A7F08886D0>
                collection_path: C:\Users\mas13\Documents\GitHub\SoftwareEngineeringGitHub\github-actions-backend\static\morse-code.png
                path: C:\Users\mas13\Documents\GitHub\SoftwareEngineeringGitHub\github-actions-backend\static\morse-code.png
            finish pytest_ignore_collect --> None [hook]
            pytest_collect_file [hook]
                parent: <Session github-actions-backend exitstatus=<ExitCode.OK: 0> testsfailed=0 testscollected=0>
                file_path: C:\Users\mas13\Documents\GitHub\SoftwareEngineeringGitHub\github-actions-backend\static\morse-code.png
                path: C:\Users\mas13\Documents\GitHub\SoftwareEngineeringGitHub\github-actions-backend\static\morse-code.png
            finish pytest_collect_file --> [] [hook]
            pytest_ignore_collect [hook]
                config: <_pytest.config.Config object at 0x000002A7F08886D0>
                collection_path: C:\Users\mas13\Documents\GitHub\SoftwareEngineeringGitHub\github-actions-backend\static\navBar.css
                path: C:\Users\mas13\Documents\GitHub\SoftwareEngineeringGitHub\github-actions-backend\static\navBar.css
            finish pytest_ignore_collect --> None [hook]
            pytest_collect_file [hook]
                parent: <Session github-actions-backend exitstatus=<ExitCode.OK: 0> testsfailed=0 testscollected=0>
                file_path: C:\Users\mas13\Documents\GitHub\SoftwareEngineeringGitHub\github-actions-backend\static\navBar.css
                path: C:\Users\mas13\Documents\GitHub\SoftwareEngineeringGitHub\github-actions-backend\static\navBar.css
            finish pytest_collect_file --> [] [hook]
            pytest_ignore_collect [hook]
                config: <_pytest.config.Config object at 0x000002A7F08886D0>
                collection_path: C:\Users\mas13\Documents\GitHub\SoftwareEngineeringGitHub\github-actions-backend\static\pageOne.css
                path: C:\Users\mas13\Documents\GitHub\SoftwareEngineeringGitHub\github-actions-backend\static\pageOne.css
            finish pytest_ignore_collect --> None [hook]
            pytest_collect_file [hook]
                parent: <Session github-actions-backend exitstatus=<ExitCode.OK: 0> testsfailed=0 testscollected=0>
                file_path: C:\Users\mas13\Documents\GitHub\SoftwareEngineeringGitHub\github-actions-backend\static\pageOne.css
                path: C:\Users\mas13\Documents\GitHub\SoftwareEngineeringGitHub\github-actions-backend\static\pageOne.css
            finish pytest_collect_file --> [] [hook]
            pytest_ignore_collect [hook]
                config: <_pytest.config.Config object at 0x000002A7F08886D0>
                collection_path: C:\Users\mas13\Documents\GitHub\SoftwareEngineeringGitHub\github-actions-backend\static\pageOne.js
                path: C:\Users\mas13\Documents\GitHub\SoftwareEngineeringGitHub\github-actions-backend\static\pageOne.js
            finish pytest_ignore_collect --> None [hook]
            pytest_collect_file [hook]
                parent: <Session github-actions-backend exitstatus=<ExitCode.OK: 0> testsfailed=0 testscollected=0>
                file_path: C:\Users\mas13\Documents\GitHub\SoftwareEngineeringGitHub\github-actions-backend\static\pageOne.js
                path: C:\Users\mas13\Documents\GitHub\SoftwareEngineeringGitHub\github-actions-backend\static\pageOne.js
            finish pytest_collect_file --> [] [hook]
            pytest_ignore_collect [hook]
                config: <_pytest.config.Config object at 0x000002A7F08886D0>
                collection_path: C:\Users\mas13\Documents\GitHub\SoftwareEngineeringGitHub\github-actions-backend\static\pageThree.css
                path: C:\Users\mas13\Documents\GitHub\SoftwareEngineeringGitHub\github-actions-backend\static\pageThree.css
            finish pytest_ignore_collect --> None [hook]
            pytest_collect_file [hook]
                parent: <Session github-actions-backend exitstatus=<ExitCode.OK: 0> testsfailed=0 testscollected=0>
                file_path: C:\Users\mas13\Documents\GitHub\SoftwareEngineeringGitHub\github-actions-backend\static\pageThree.css
                path: C:\Users\mas13\Documents\GitHub\SoftwareEngineeringGitHub\github-actions-backend\static\pageThree.css
            finish pytest_collect_file --> [] [hook]
            pytest_ignore_collect [hook]
                config: <_pytest.config.Config object at 0x000002A7F08886D0>
                collection_path: C:\Users\mas13\Documents\GitHub\SoftwareEngineeringGitHub\github-actions-backend\static\pageTwo.css
                path: C:\Users\mas13\Documents\GitHub\SoftwareEngineeringGitHub\github-actions-backend\static\pageTwo.css
            finish pytest_ignore_collect --> None [hook]
            pytest_collect_file [hook]
                parent: <Session github-actions-backend exitstatus=<ExitCode.OK: 0> testsfailed=0 testscollected=0>
                file_path: C:\Users\mas13\Documents\GitHub\SoftwareEngineeringGitHub\github-actions-backend\static\pageTwo.css
                path: C:\Users\mas13\Documents\GitHub\SoftwareEngineeringGitHub\github-actions-backend\static\pageTwo.css
            finish pytest_collect_file --> [] [hook]
            pytest_ignore_collect [hook]
                config: <_pytest.config.Config object at 0x000002A7F08886D0>
                collection_path: C:\Users\mas13\Documents\GitHub\SoftwareEngineeringGitHub\github-actions-backend\static\pageTwo.js
                path: C:\Users\mas13\Documents\GitHub\SoftwareEngineeringGitHub\github-actions-backend\static\pageTwo.js
            finish pytest_ignore_collect --> None [hook]
            pytest_collect_file [hook]
                parent: <Session github-actions-backend exitstatus=<ExitCode.OK: 0> testsfailed=0 testscollected=0>
                file_path: C:\Users\mas13\Documents\GitHub\SoftwareEngineeringGitHub\github-actions-backend\static\pageTwo.js
                path: C:\Users\mas13\Documents\GitHub\SoftwareEngineeringGitHub\github-actions-backend\static\pageTwo.js
            finish pytest_collect_file --> [] [hook]
            pytest_ignore_collect [hook]
                config: <_pytest.config.Config object at 0x000002A7F08886D0>
                collection_path: C:\Users\mas13\Documents\GitHub\SoftwareEngineeringGitHub\github-actions-backend\templates
                path: C:\Users\mas13\Documents\GitHub\SoftwareEngineeringGitHub\github-actions-backend\templates
            finish pytest_ignore_collect --> None [hook]
            pytest_ignore_collect [hook]
                config: <_pytest.config.Config object at 0x000002A7F08886D0>
                collection_path: C:\Users\mas13\Documents\GitHub\SoftwareEngineeringGitHub\github-actions-backend\templates\navBar.html
                path: C:\Users\mas13\Documents\GitHub\SoftwareEngineeringGitHub\github-actions-backend\templates\navBar.html
            finish pytest_ignore_collect --> None [hook]
            pytest_collect_file [hook]
                parent: <Session github-actions-backend exitstatus=<ExitCode.OK: 0> testsfailed=0 testscollected=0>
                file_path: C:\Users\mas13\Documents\GitHub\SoftwareEngineeringGitHub\github-actions-backend\templates\navBar.html
                path: C:\Users\mas13\Documents\GitHub\SoftwareEngineeringGitHub\github-actions-backend\templates\navBar.html
            finish pytest_collect_file --> [] [hook]
            pytest_ignore_collect [hook]
                config: <_pytest.config.Config object at 0x000002A7F08886D0>
                collection_path: C:\Users\mas13\Documents\GitHub\SoftwareEngineeringGitHub\github-actions-backend\templates\pageOne.html
                path: C:\Users\mas13\Documents\GitHub\SoftwareEngineeringGitHub\github-actions-backend\templates\pageOne.html
            finish pytest_ignore_collect --> None [hook]
            pytest_collect_file [hook]
                parent: <Session github-actions-backend exitstatus=<ExitCode.OK: 0> testsfailed=0 testscollected=0>
                file_path: C:\Users\mas13\Documents\GitHub\SoftwareEngineeringGitHub\github-actions-backend\templates\pageOne.html
                path: C:\Users\mas13\Documents\GitHub\SoftwareEngineeringGitHub\github-actions-backend\templates\pageOne.html
            finish pytest_collect_file --> [] [hook]
            pytest_ignore_collect [hook]
                config: <_pytest.config.Config object at 0x000002A7F08886D0>
                collection_path: C:\Users\mas13\Documents\GitHub\SoftwareEngineeringGitHub\github-actions-backend\templates\pageThree.html
                path: C:\Users\mas13\Documents\GitHub\SoftwareEngineeringGitHub\github-actions-backend\templates\pageThree.html
            finish pytest_ignore_collect --> None [hook]
            pytest_collect_file [hook]
                parent: <Session github-actions-backend exitstatus=<ExitCode.OK: 0> testsfailed=0 testscollected=0>
                file_path: C:\Users\mas13\Documents\GitHub\SoftwareEngineeringGitHub\github-actions-backend\templates\pageThree.html
                path: C:\Users\mas13\Documents\GitHub\SoftwareEngineeringGitHub\github-actions-backend\templates\pageThree.html
            finish pytest_collect_file --> [] [hook]
            pytest_ignore_collect [hook]
                config: <_pytest.config.Config object at 0x000002A7F08886D0>
                collection_path: C:\Users\mas13\Documents\GitHub\SoftwareEngineeringGitHub\github-actions-backend\templates\pageTwo.html
                path: C:\Users\mas13\Documents\GitHub\SoftwareEngineeringGitHub\github-actions-backend\templates\pageTwo.html
            finish pytest_ignore_collect --> None [hook]
            pytest_collect_file [hook]
                parent: <Session github-actions-backend exitstatus=<ExitCode.OK: 0> testsfailed=0 testscollected=0>
                file_path: C:\Users\mas13\Documents\GitHub\SoftwareEngineeringGitHub\github-actions-backend\templates\pageTwo.html
                path: C:\Users\mas13\Documents\GitHub\SoftwareEngineeringGitHub\github-actions-backend\templates\pageTwo.html
            finish pytest_collect_file --> [] [hook]
        finish pytest_make_collect_report --> <CollectReport '' lenresult=1 outcome='passed'> [hook]
        pytest_collectreport [hook]
            report: <CollectReport '' lenresult=1 outcome='passed'>
        finish pytest_collectreport --> [] [hook]
    genitems <Module test_webtests.py> [collection]
      pytest_collectstart [hook]
          collector: <Module test_webtests.py>
      finish pytest_collectstart --> [] [hook]
      pytest_make_collect_report [hook]
          collector: <Module test_webtests.py>
      find_module called for: test_webtests [assertion]
      matched test file 'C:\\Users\\mas13\\Documents\\GitHub\\SoftwareEngineeringGitHub\\github-actions-backend\\test_webtests.py' [assertion]
      found cached rewritten pyc for C:\Users\mas13\Documents\GitHub\SoftwareEngineeringGitHub\github-actions-backend\test_webtests.py [assertion]
        pytest_pycollect_makeitem [hook]
            collector: <Module test_webtests.py>
            name: @py_builtins
            obj: <module 'builtins' (built-in)>
        finish pytest_pycollect_makeitem --> None [hook]
        pytest_pycollect_makeitem [hook]
            collector: <Module test_webtests.py>
            name: @pytest_ar
            obj: <module '_pytest.assertion.rewrite' from 'C:\\Users\\mas13\\AppData\\Local\\Packages\\PythonSoftwareFoundation.Python.3.10_qbz5n2kfra8p0\\LocalCache\\local-packages\\Python310\\site-packages\\_pytest\\assertion\\rewrite.py'>
        finish pytest_pycollect_makeitem --> None [hook]
        pytest_pycollect_makeitem [hook]
            collector: <Module test_webtests.py>
            name: Page
            obj: <class 'playwright.sync_api._generated.Page'>
        finish pytest_pycollect_makeitem --> None [hook]
        pytest_pycollect_makeitem [hook]
            collector: <Module test_webtests.py>
            name: test_home_page
            obj: <function test_home_page at 0x000002A7F2CE1C60>
          pytest_generate_tests [hook]
              metafunc: <_pytest.python.Metafunc object at 0x000002A7F2CF28F0>
            pytest_make_parametrize_id [hook]
                config: <_pytest.config.Config object at 0x000002A7F08886D0>
                val: chromium
                argname: browser_name
            finish pytest_make_parametrize_id --> None [hook]
          early skip of rewriting module: encodings.unicode_escape [assertion]
          finish pytest_generate_tests --> [] [hook]
        finish pytest_pycollect_makeitem --> [<Function test_home_page[chromium]>] [hook]
        pytest_pycollect_makeitem [hook]
            collector: <Module test_webtests.py>
            name: test_page_one
            obj: <function test_page_one at 0x000002A7F2CE2320>
          pytest_generate_tests [hook]
              metafunc: <_pytest.python.Metafunc object at 0x000002A7F2CF2950>
            pytest_make_parametrize_id [hook]
                config: <_pytest.config.Config object at 0x000002A7F08886D0>
                val: chromium
                argname: browser_name
            finish pytest_make_parametrize_id --> None [hook]
          finish pytest_generate_tests --> [] [hook]
        finish pytest_pycollect_makeitem --> [<Function test_page_one[chromium]>] [hook]
      finish pytest_make_collect_report --> <CollectReport 'test_webtests.py' lenresult=2 outcome='passed'> [hook]
    genitems <Function test_home_page[chromium]> [collection]
      pytest_itemcollected [hook]
          item: <Function test_home_page[chromium]>
      finish pytest_itemcollected --> [] [hook]
    genitems <Function test_page_one[chromium]> [collection]
      pytest_itemcollected [hook]
          item: <Function test_page_one[chromium]>
      finish pytest_itemcollected --> [] [hook]
      pytest_collectreport [hook]
          report: <CollectReport 'test_webtests.py' lenresult=2 outcome='passed'>
      finish pytest_collectreport --> [] [hook]
      pytest_collection_modifyitems [hook]
          session: <Session github-actions-backend exitstatus=<ExitCode.OK: 0> testsfailed=0 testscollected=0>
          config: <_pytest.config.Config object at 0x000002A7F08886D0>
          items: [<Function test_home_page[chromium]>, <Function test_page_one[chromium]>]
      finish pytest_collection_modifyitems --> [] [hook]
      pytest_collection_finish [hook]
          session: <Session github-actions-backend exitstatus=<ExitCode.OK: 0> testsfailed=0 testscollected=0>
        pytest_report_collectionfinish [hook]
            config: <_pytest.config.Config object at 0x000002A7F08886D0>
            items: [<Function test_home_page[chromium]>, <Function test_page_one[chromium]>]
            start_path: C:\Users\mas13\Documents\GitHub\SoftwareEngineeringGitHub\github-actions-backend
            startdir: C:\Users\mas13\Documents\GitHub\SoftwareEngineeringGitHub\github-actions-backend
        finish pytest_report_collectionfinish --> [] [hook]
      finish pytest_collection_finish --> [] [hook]
    finish pytest_collection --> None [hook]
    pytest_runtestloop [hook]
        session: <Session github-actions-backend exitstatus=<ExitCode.OK: 0> testsfailed=0 testscollected=2>
      pytest_runtest_protocol [hook]
          item: <Function test_home_page[chromium]>
          nextitem: <Function test_page_one[chromium]>
        pytest_runtest_logstart [hook]
            nodeid: test_webtests.py::test_home_page[chromium]
            location: ('test_webtests.py', 3, 'test_home_page[chromium]')
        finish pytest_runtest_logstart --> [] [hook]
        pytest_runtest_setup [hook]
            item: <Function test_home_page[chromium]>
          pytest_fixture_setup [hook]
              fixturedef: <FixtureDef argname='base_url' scope='session' baseid=''>
              request: <SubRequest 'base_url' for <Function test_home_page[chromium]>>
          finish pytest_fixture_setup -->  [hook]
          pytest_fixture_setup [hook]
              fixturedef: <FixtureDef argname='_verify_url' scope='session' baseid=''>
              request: <SubRequest '_verify_url' for <Function test_home_page[chromium]>>
          finish pytest_fixture_setup --> None [hook]
          pytest_fixture_setup [hook]
              fixturedef: <FixtureDef argname='pytestconfig' scope='session' baseid=''>
              request: <SubRequest 'pytestconfig' for <Function test_home_page[chromium]>>
          finish pytest_fixture_setup --> <_pytest.config.Config object at 0x000002A7F08886D0> [hook]
          pytest_fixture_setup [hook]
              fixturedef: <FixtureDef argname='delete_output_dir' scope='session' baseid=''>
              request: <SubRequest 'delete_output_dir' for <Function test_home_page[chromium]>>
          finish pytest_fixture_setup --> None [hook]
          pytest_fixture_setup [hook]
              fixturedef: <FixtureDef argname='browser_type_launch_args' scope='session' baseid=''>
              request: <SubRequest 'browser_type_launch_args' for <Function test_home_page[chromium]>>
          finish pytest_fixture_setup --> [hook]
          pytest_fixture_setup [hook]
              fixturedef: <FixtureDef argname='playwright' scope='session' baseid=''>
              request: <SubRequest 'playwright' for <Function test_home_page[chromium]>>
          finish pytest_fixture_setup --> <playwright._impl._playwright.Playwright object at 0x000002A7F2D44F40> [hook]
          pytest_fixture_setup [hook]
              fixturedef: <FixtureDef argname='browser_name' scope='session' baseid=''>
              request: <SubRequest 'browser_name' for <Function test_home_page[chromium]>>
          finish pytest_fixture_setup --> chromium [hook]
          pytest_fixture_setup [hook]
              fixturedef: <FixtureDef argname='browser_type' scope='session' baseid=''>
              request: <SubRequest 'browser_type' for <Function test_home_page[chromium]>>
          finish pytest_fixture_setup --> <BrowserType name=chromium executable_path=C:\Users\mas13\AppData\Local\ms-playwright\chromium-1080\chrome-win\chrome.exe> [hook]
          pytest_fixture_setup [hook]
              fixturedef: <FixtureDef argname='launch_browser' scope='session' baseid=''>
              request: <SubRequest 'launch_browser' for <Function test_home_page[chromium]>>
          finish pytest_fixture_setup --> <function launch_browser.<locals>.launch at 0x000002A7F2DB9BD0> [hook]
          pytest_fixture_setup [hook]
              fixturedef: <FixtureDef argname='browser' scope='session' baseid=''>
              request: <SubRequest 'browser' for <Function test_home_page[chromium]>>
          finish pytest_fixture_setup --> <Browser type=<BrowserType name=chromium executable_path=C:\Users\mas13\AppData\Local\ms-playwright\chromium-1080\chrome-win\chrome.exe> version=117.0.5938.62> [hook]
          pytest_fixture_setup [hook]
              fixturedef: <FixtureDef argname='device' scope='session' baseid=''>
              request: <SubRequest 'device' for <Function test_home_page[chromium]>>
          finish pytest_fixture_setup --> None [hook]
          pytest_fixture_setup [hook]
              fixturedef: <FixtureDef argname='browser_context_args' scope='session' baseid=''>
              request: <SubRequest 'browser_context_args' for <Function test_home_page[chromium]>>
          finish pytest_fixture_setup --> [hook]
          pytest_fixture_setup [hook]
              fixturedef: <FixtureDef argname='monkeypatch' scope='function' baseid=''>
              request: <SubRequest 'monkeypatch' for <Function test_home_page[chromium]>>
          finish pytest_fixture_setup --> <_pytest.monkeypatch.MonkeyPatch object at 0x000002A7F2D45870> [hook]
          pytest_fixture_setup [hook]
              fixturedef: <FixtureDef argname='_configure_application' scope='function' baseid=''>
              request: <SubRequest '_configure_application' for <Function test_home_page[chromium]>>
          finish pytest_fixture_setup --> None [hook]
          pytest_fixture_setup [hook]
              fixturedef: <FixtureDef argname='_monkeypatch_response_class' scope='function' baseid=''>
              request: <SubRequest '_monkeypatch_response_class' for <Function test_home_page[chromium]>>
          finish pytest_fixture_setup --> None [hook]
          pytest_fixture_setup [hook]
              fixturedef: <FixtureDef argname='_push_request_context' scope='function' baseid=''>
              request: <SubRequest '_push_request_context' for <Function test_home_page[chromium]>>
          finish pytest_fixture_setup --> None [hook]
          pytest_fixture_setup [hook]
              fixturedef: <FixtureDef argname='context' scope='function' baseid=''>
              request: <SubRequest 'context' for <Function test_home_page[chromium]>>
          finish pytest_fixture_setup --> <BrowserContext browser=<Browser type=<BrowserType name=chromium executable_path=C:\Users\mas13\AppData\Local\ms-playwright\chromium-1080\chrome-win\chrome.exe> version=117.0.5938.62>> [hook]
          pytest_fixture_setup [hook]
              fixturedef: <FixtureDef argname='page' scope='function' baseid=''>
              request: <SubRequest 'page' for <Function test_home_page[chromium]>>
          finish pytest_fixture_setup --> <Page url='about:blank'> [hook]
        finish pytest_runtest_setup --> [] [hook]
        pytest_runtest_makereport [hook]
            item: <Function test_home_page[chromium]>
            call: <CallInfo when='setup' result: []>
        finish pytest_runtest_makereport --> <TestReport 'test_webtests.py::test_home_page[chromium]' when='setup' outcome='passed'> [hook]
        pytest_runtest_logreport [hook]
            report: <TestReport 'test_webtests.py::test_home_page[chromium]' when='setup' outcome='passed'>
          pytest_report_teststatus [hook]
              report: <TestReport 'test_webtests.py::test_home_page[chromium]' when='setup' outcome='passed'>
              config: <_pytest.config.Config object at 0x000002A7F08886D0>
          finish pytest_report_teststatus --> ('', '', '') [hook]
        finish pytest_runtest_logreport --> [] [hook]
        pytest_runtest_call [hook]
            item: <Function test_home_page[chromium]>
          pytest_pyfunc_call [hook]
              pyfuncitem: <Function test_home_page[chromium]>
          finish pytest_pyfunc_call --> True [hook]
        finish pytest_runtest_call --> [] [hook]
        pytest_runtest_makereport [hook]
            item: <Function test_home_page[chromium]>
            call: <CallInfo when='call' result: []>
        finish pytest_runtest_makereport --> <TestReport 'test_webtests.py::test_home_page[chromium]' when='call' outcome='passed'> [hook]
        pytest_runtest_logreport [hook]
            report: <TestReport 'test_webtests.py::test_home_page[chromium]' when='call' outcome='passed'>
          pytest_report_teststatus [hook]
              report: <TestReport 'test_webtests.py::test_home_page[chromium]' when='call' outcome='passed'>
              config: <_pytest.config.Config object at 0x000002A7F08886D0>
          finish pytest_report_teststatus --> ('passed', '.', 'PASSED') [hook]
        finish pytest_runtest_logreport --> [] [hook]
        pytest_runtest_teardown [hook]
            item: <Function test_home_page[chromium]>
            nextitem: <Function test_page_one[chromium]>
          pytest_fixture_post_finalizer [hook]
              fixturedef: <FixtureDef argname='page' scope='function' baseid=''>
              request: <SubRequest 'page' for <Function test_home_page[chromium]>>
          finish pytest_fixture_post_finalizer --> [] [hook]
          pytest_fixture_post_finalizer [hook]
              fixturedef: <FixtureDef argname='page' scope='function' baseid=''>
              request: <SubRequest 'page' for <Function test_home_page[chromium]>>
          finish pytest_fixture_post_finalizer --> [] [hook]
          pytest_fixture_post_finalizer [hook]
              fixturedef: <FixtureDef argname='context' scope='function' baseid=''>
              request: <SubRequest 'context' for <Function test_home_page[chromium]>>
          finish pytest_fixture_post_finalizer --> [] [hook]
          pytest_fixture_post_finalizer [hook]
              fixturedef: <FixtureDef argname='_push_request_context' scope='function' baseid=''>
              request: <SubRequest '_push_request_context' for <Function test_home_page[chromium]>>
          finish pytest_fixture_post_finalizer --> [] [hook]
          pytest_fixture_post_finalizer [hook]
              fixturedef: <FixtureDef argname='_monkeypatch_response_class' scope='function' baseid=''>
              request: <SubRequest '_monkeypatch_response_class' for <Function test_home_page[chromium]>>
          finish pytest_fixture_post_finalizer --> [] [hook]
          pytest_fixture_post_finalizer [hook]
              fixturedef: <FixtureDef argname='_configure_application' scope='function' baseid=''>
              request: <SubRequest '_configure_application' for <Function test_home_page[chromium]>>
          finish pytest_fixture_post_finalizer --> [] [hook]
          pytest_fixture_post_finalizer [hook]
              fixturedef: <FixtureDef argname='_monkeypatch_response_class' scope='function' baseid=''>
              request: <SubRequest '_monkeypatch_response_class' for <Function test_home_page[chromium]>>
          finish pytest_fixture_post_finalizer --> [] [hook]
          pytest_fixture_post_finalizer [hook]
              fixturedef: <FixtureDef argname='_configure_application' scope='function' baseid=''>
              request: <SubRequest '_configure_application' for <Function test_home_page[chromium]>>
          finish pytest_fixture_post_finalizer --> [] [hook]
          pytest_fixture_post_finalizer [hook]
              fixturedef: <FixtureDef argname='monkeypatch' scope='function' baseid=''>
              request: <SubRequest 'monkeypatch' for <Function test_home_page[chromium]>>
          finish pytest_fixture_post_finalizer --> [] [hook]
        finish pytest_runtest_teardown --> [] [hook]
        pytest_runtest_makereport [hook]
            item: <Function test_home_page[chromium]>
            call: <CallInfo when='teardown' result: []>
        finish pytest_runtest_makereport --> <TestReport 'test_webtests.py::test_home_page[chromium]' when='teardown' outcome='passed'> [hook]
        pytest_runtest_logreport [hook]
            report: <TestReport 'test_webtests.py::test_home_page[chromium]' when='teardown' outcome='passed'>
          pytest_report_teststatus [hook]
              report: <TestReport 'test_webtests.py::test_home_page[chromium]' when='teardown' outcome='passed'>
              config: <_pytest.config.Config object at 0x000002A7F08886D0>
          finish pytest_report_teststatus --> ('', '', '') [hook]
        finish pytest_runtest_logreport --> [] [hook]
        pytest_runtest_logfinish [hook]
            nodeid: test_webtests.py::test_home_page[chromium]
            location: ('test_webtests.py', 3, 'test_home_page[chromium]')
        finish pytest_runtest_logfinish --> [] [hook]
      finish pytest_runtest_protocol --> True [hook]
      pytest_runtest_protocol [hook]
          item: <Function test_page_one[chromium]>
          nextitem: None
        pytest_runtest_logstart [hook]
            nodeid: test_webtests.py::test_page_one[chromium]
            location: ('test_webtests.py', 10, 'test_page_one[chromium]')
        finish pytest_runtest_logstart --> [] [hook]
        pytest_runtest_setup [hook]
            item: <Function test_page_one[chromium]>
          pytest_fixture_setup [hook]
              fixturedef: <FixtureDef argname='monkeypatch' scope='function' baseid=''>
              request: <SubRequest 'monkeypatch' for <Function test_page_one[chromium]>>
          finish pytest_fixture_setup --> <_pytest.monkeypatch.MonkeyPatch object at 0x000002A7F2D47D00> [hook]
          pytest_fixture_setup [hook]
              fixturedef: <FixtureDef argname='_configure_application' scope='function' baseid=''>
              request: <SubRequest '_configure_application' for <Function test_page_one[chromium]>>
          finish pytest_fixture_setup --> None [hook]
          pytest_fixture_setup [hook]
              fixturedef: <FixtureDef argname='_monkeypatch_response_class' scope='function' baseid=''>
              request: <SubRequest '_monkeypatch_response_class' for <Function test_page_one[chromium]>>
          finish pytest_fixture_setup --> None [hook]
          pytest_fixture_setup [hook]
              fixturedef: <FixtureDef argname='_push_request_context' scope='function' baseid=''>
              request: <SubRequest '_push_request_context' for <Function test_page_one[chromium]>>
          finish pytest_fixture_setup --> None [hook]
          pytest_fixture_setup [hook]
              fixturedef: <FixtureDef argname='context' scope='function' baseid=''>
              request: <SubRequest 'context' for <Function test_page_one[chromium]>>
          finish pytest_fixture_setup --> <BrowserContext browser=<Browser type=<BrowserType name=chromium executable_path=C:\Users\mas13\AppData\Local\ms-playwright\chromium-1080\chrome-win\chrome.exe> version=117.0.5938.62>> [hook]
          pytest_fixture_setup [hook]
              fixturedef: <FixtureDef argname='page' scope='function' baseid=''>
              request: <SubRequest 'page' for <Function test_page_one[chromium]>>
          finish pytest_fixture_setup --> <Page url='about:blank'> [hook]
        finish pytest_runtest_setup --> [] [hook]
        pytest_runtest_makereport [hook]
            item: <Function test_page_one[chromium]>
            call: <CallInfo when='setup' result: []>
        finish pytest_runtest_makereport --> <TestReport 'test_webtests.py::test_page_one[chromium]' when='setup' outcome='passed'> [hook]
        pytest_runtest_logreport [hook]
            report: <TestReport 'test_webtests.py::test_page_one[chromium]' when='setup' outcome='passed'>
          pytest_report_teststatus [hook]
              report: <TestReport 'test_webtests.py::test_page_one[chromium]' when='setup' outcome='passed'>
              config: <_pytest.config.Config object at 0x000002A7F08886D0>
          finish pytest_report_teststatus --> ('', '', '') [hook]
        finish pytest_runtest_logreport --> [] [hook]
        pytest_runtest_call [hook]
            item: <Function test_page_one[chromium]>
          pytest_pyfunc_call [hook]
              pyfuncitem: <Function test_page_one[chromium]>
        pytest_runtest_makereport [hook]
            item: <Function test_page_one[chromium]>
            call: <CallInfo when='call' excinfo=<ExceptionInfo TimeoutError('Timeout 30000ms exceeded.\n=========================== logs ===========================\nwaiting for get_by_role("button", name="Close")\n============================================================') tblen=31>>
        finish pytest_runtest_makereport --> <TestReport 'test_webtests.py::test_page_one[chromium]' when='call' outcome='failed'> [hook]
        pytest_runtest_logreport [hook]
            report: <TestReport 'test_webtests.py::test_page_one[chromium]' when='call' outcome='failed'>
          pytest_report_teststatus [hook]
              report: <TestReport 'test_webtests.py::test_page_one[chromium]' when='call' outcome='failed'>
              config: <_pytest.config.Config object at 0x000002A7F08886D0>
          finish pytest_report_teststatus --> ('failed', 'F', 'FAILED') [hook]
        finish pytest_runtest_logreport --> [] [hook]
        pytest_exception_interact [hook]
            node: <Function test_page_one[chromium]>
            call: <CallInfo when='call' excinfo=<ExceptionInfo TimeoutError('Timeout 30000ms exceeded.\n=========================== logs ===========================\nwaiting for get_by_role("button", name="Close")\n============================================================') tblen=31>>
            report: <TestReport 'test_webtests.py::test_page_one[chromium]' when='call' outcome='failed'>
        finish pytest_exception_interact --> [] [hook]
        pytest_runtest_teardown [hook]
            item: <Function test_page_one[chromium]>
            nextitem: None
          pytest_fixture_post_finalizer [hook]
              fixturedef: <FixtureDef argname='page' scope='function' baseid=''>
              request: <SubRequest 'page' for <Function test_page_one[chromium]>>
          finish pytest_fixture_post_finalizer --> [] [hook]
          pytest_fixture_post_finalizer [hook]
              fixturedef: <FixtureDef argname='page' scope='function' baseid=''>
              request: <SubRequest 'page' for <Function test_page_one[chromium]>>
          finish pytest_fixture_post_finalizer --> [] [hook]
          pytest_fixture_post_finalizer [hook]
              fixturedef: <FixtureDef argname='context' scope='function' baseid=''>
              request: <SubRequest 'context' for <Function test_page_one[chromium]>>
          finish pytest_fixture_post_finalizer --> [] [hook]
          pytest_fixture_post_finalizer [hook]
              fixturedef: <FixtureDef argname='_push_request_context' scope='function' baseid=''>
              request: <SubRequest '_push_request_context' for <Function test_page_one[chromium]>>
          finish pytest_fixture_post_finalizer --> [] [hook]
          pytest_fixture_post_finalizer [hook]
              fixturedef: <FixtureDef argname='_monkeypatch_response_class' scope='function' baseid=''>
              request: <SubRequest '_monkeypatch_response_class' for <Function test_page_one[chromium]>>
          finish pytest_fixture_post_finalizer --> [] [hook]
          pytest_fixture_post_finalizer [hook]
              fixturedef: <FixtureDef argname='_configure_application' scope='function' baseid=''>
              request: <SubRequest '_configure_application' for <Function test_page_one[chromium]>>
          finish pytest_fixture_post_finalizer --> [] [hook]
          pytest_fixture_post_finalizer [hook]
              fixturedef: <FixtureDef argname='_monkeypatch_response_class' scope='function' baseid=''>
              request: <SubRequest '_monkeypatch_response_class' for <Function test_page_one[chromium]>>
          finish pytest_fixture_post_finalizer --> [] [hook]
          pytest_fixture_post_finalizer [hook]
              fixturedef: <FixtureDef argname='_configure_application' scope='function' baseid=''>
              request: <SubRequest '_configure_application' for <Function test_page_one[chromium]>>
          finish pytest_fixture_post_finalizer --> [] [hook]
          pytest_fixture_post_finalizer [hook]
              fixturedef: <FixtureDef argname='monkeypatch' scope='function' baseid=''>
              request: <SubRequest 'monkeypatch' for <Function test_page_one[chromium]>>
          finish pytest_fixture_post_finalizer --> [] [hook]
          pytest_fixture_post_finalizer [hook]
              fixturedef: <FixtureDef argname='context' scope='function' baseid=''>
              request: <SubRequest 'context' for <Function test_page_one[chromium]>>
          finish pytest_fixture_post_finalizer --> [] [hook]
          pytest_fixture_post_finalizer [hook]
              fixturedef: <FixtureDef argname='context' scope='function' baseid=''>
              request: <SubRequest 'context' for <Function test_home_page[chromium]>>
          finish pytest_fixture_post_finalizer --> [] [hook]
          pytest_fixture_post_finalizer [hook]
              fixturedef: <FixtureDef argname='browser_context_args' scope='session' baseid=''>
              request: <SubRequest 'browser_context_args' for <Function test_page_one[chromium]>>
          finish pytest_fixture_post_finalizer --> [] [hook]
          pytest_fixture_post_finalizer [hook]
              fixturedef: <FixtureDef argname='browser_context_args' scope='session' baseid=''>
              request: <SubRequest 'browser_context_args' for <Function test_page_one[chromium]>>
          finish pytest_fixture_post_finalizer --> [] [hook]
          pytest_fixture_post_finalizer [hook]
              fixturedef: <FixtureDef argname='browser_context_args' scope='session' baseid=''>
              request: <SubRequest 'browser_context_args' for <Function test_home_page[chromium]>>
          finish pytest_fixture_post_finalizer --> [] [hook]
          pytest_fixture_post_finalizer [hook]
              fixturedef: <FixtureDef argname='device' scope='session' baseid=''>
              request: <SubRequest 'device' for <Function test_page_one[chromium]>>
          finish pytest_fixture_post_finalizer --> [] [hook]
          pytest_fixture_post_finalizer [hook]
              fixturedef: <FixtureDef argname='context' scope='function' baseid=''>
              request: <SubRequest 'context' for <Function test_page_one[chromium]>>
          finish pytest_fixture_post_finalizer --> [] [hook]
          pytest_fixture_post_finalizer [hook]
              fixturedef: <FixtureDef argname='context' scope='function' baseid=''>
              request: <SubRequest 'context' for <Function test_home_page[chromium]>>
          finish pytest_fixture_post_finalizer --> [] [hook]
          pytest_fixture_post_finalizer [hook]
              fixturedef: <FixtureDef argname='browser' scope='session' baseid=''>
              request: <SubRequest 'browser' for <Function test_page_one[chromium]>>
          finish pytest_fixture_post_finalizer --> [] [hook]
          pytest_fixture_post_finalizer [hook]
              fixturedef: <FixtureDef argname='browser' scope='session' baseid=''>
              request: <SubRequest 'browser' for <Function test_page_one[chromium]>>
          finish pytest_fixture_post_finalizer --> [] [hook]
          pytest_fixture_post_finalizer [hook]
              fixturedef: <FixtureDef argname='browser' scope='session' baseid=''>
              request: <SubRequest 'browser' for <Function test_home_page[chromium]>>
          finish pytest_fixture_post_finalizer --> [] [hook]
          pytest_fixture_post_finalizer [hook]
              fixturedef: <FixtureDef argname='launch_browser' scope='session' baseid=''>
              request: <SubRequest 'launch_browser' for <Function test_page_one[chromium]>>
          finish pytest_fixture_post_finalizer --> [] [hook]
          pytest_fixture_post_finalizer [hook]
              fixturedef: <FixtureDef argname='launch_browser' scope='session' baseid=''>
              request: <SubRequest 'launch_browser' for <Function test_page_one[chromium]>>
          finish pytest_fixture_post_finalizer --> [] [hook]
          pytest_fixture_post_finalizer [hook]
              fixturedef: <FixtureDef argname='launch_browser' scope='session' baseid=''>
              request: <SubRequest 'launch_browser' for <Function test_home_page[chromium]>>
          finish pytest_fixture_post_finalizer --> [] [hook]
          pytest_fixture_post_finalizer [hook]
              fixturedef: <FixtureDef argname='browser_type' scope='session' baseid=''>
              request: <SubRequest 'browser_type' for <Function test_page_one[chromium]>>
          finish pytest_fixture_post_finalizer --> [] [hook]
          pytest_fixture_post_finalizer [hook]
              fixturedef: <FixtureDef argname='browser_type' scope='session' baseid=''>
              request: <SubRequest 'browser_type' for <Function test_page_one[chromium]>>
          finish pytest_fixture_post_finalizer --> [] [hook]
          pytest_fixture_post_finalizer [hook]
              fixturedef: <FixtureDef argname='browser_type' scope='session' baseid=''>
              request: <SubRequest 'browser_type' for <Function test_home_page[chromium]>>
          finish pytest_fixture_post_finalizer --> [] [hook]
          pytest_fixture_post_finalizer [hook]
              fixturedef: <FixtureDef argname='browser_name' scope='session' baseid=''>
              request: <SubRequest 'browser_name' for <Function test_page_one[chromium]>>
          finish pytest_fixture_post_finalizer --> [] [hook]
          pytest_fixture_post_finalizer [hook]
              fixturedef: <FixtureDef argname='browser_context_args' scope='session' baseid=''>
              request: <SubRequest 'browser_context_args' for <Function test_page_one[chromium]>>
          finish pytest_fixture_post_finalizer --> [] [hook]
          pytest_fixture_post_finalizer [hook]
              fixturedef: <FixtureDef argname='browser_type' scope='session' baseid=''>
              request: <SubRequest 'browser_type' for <Function test_page_one[chromium]>>
          finish pytest_fixture_post_finalizer --> [] [hook]
          pytest_fixture_post_finalizer [hook]
              fixturedef: <FixtureDef argname='browser_context_args' scope='session' baseid=''>
              request: <SubRequest 'browser_context_args' for <Function test_home_page[chromium]>>
          finish pytest_fixture_post_finalizer --> [] [hook]
          pytest_fixture_post_finalizer [hook]
              fixturedef: <FixtureDef argname='browser_type' scope='session' baseid=''>
              request: <SubRequest 'browser_type' for <Function test_home_page[chromium]>>
          finish pytest_fixture_post_finalizer --> [] [hook]
          pytest_fixture_post_finalizer [hook]
              fixturedef: <FixtureDef argname='playwright' scope='session' baseid=''>
              request: <SubRequest 'playwright' for <Function test_page_one[chromium]>>
          finish pytest_fixture_post_finalizer --> [] [hook]
          pytest_fixture_post_finalizer [hook]
              fixturedef: <FixtureDef argname='launch_browser' scope='session' baseid=''>
              request: <SubRequest 'launch_browser' for <Function test_page_one[chromium]>>
          finish pytest_fixture_post_finalizer --> [] [hook]
          pytest_fixture_post_finalizer [hook]
              fixturedef: <FixtureDef argname='launch_browser' scope='session' baseid=''>
              request: <SubRequest 'launch_browser' for <Function test_home_page[chromium]>>
          finish pytest_fixture_post_finalizer --> [] [hook]
          pytest_fixture_post_finalizer [hook]
              fixturedef: <FixtureDef argname='browser_type_launch_args' scope='session' baseid=''>
              request: <SubRequest 'browser_type_launch_args' for <Function test_page_one[chromium]>>
          finish pytest_fixture_post_finalizer --> [] [hook]
          pytest_fixture_post_finalizer [hook]
              fixturedef: <FixtureDef argname='delete_output_dir' scope='session' baseid=''>
              request: <SubRequest 'delete_output_dir' for <Function test_page_one[chromium]>>
          finish pytest_fixture_post_finalizer --> [] [hook]
          pytest_fixture_post_finalizer [hook]
              fixturedef: <FixtureDef argname='context' scope='function' baseid=''>
              request: <SubRequest 'context' for <Function test_page_one[chromium]>>
          finish pytest_fixture_post_finalizer --> [] [hook]
          pytest_fixture_post_finalizer [hook]
              fixturedef: <FixtureDef argname='device' scope='session' baseid=''>
              request: <SubRequest 'device' for <Function test_page_one[chromium]>>
          finish pytest_fixture_post_finalizer --> [] [hook]
          pytest_fixture_post_finalizer [hook]
              fixturedef: <FixtureDef argname='browser_context_args' scope='session' baseid=''>
              request: <SubRequest 'browser_context_args' for <Function test_page_one[chromium]>>
          finish pytest_fixture_post_finalizer --> [] [hook]
          pytest_fixture_post_finalizer [hook]
              fixturedef: <FixtureDef argname='browser_type_launch_args' scope='session' baseid=''>
              request: <SubRequest 'browser_type_launch_args' for <Function test_page_one[chromium]>>
          finish pytest_fixture_post_finalizer --> [] [hook]
          pytest_fixture_post_finalizer [hook]
              fixturedef: <FixtureDef argname='delete_output_dir' scope='session' baseid=''>
              request: <SubRequest 'delete_output_dir' for <Function test_page_one[chromium]>>
          finish pytest_fixture_post_finalizer --> [] [hook]
          pytest_fixture_post_finalizer [hook]
              fixturedef: <FixtureDef argname='context' scope='function' baseid=''>
              request: <SubRequest 'context' for <Function test_home_page[chromium]>>
          finish pytest_fixture_post_finalizer --> [] [hook]
          pytest_fixture_post_finalizer [hook]
              fixturedef: <FixtureDef argname='device' scope='session' baseid=''>
              request: <SubRequest 'device' for <Function test_home_page[chromium]>>
          finish pytest_fixture_post_finalizer --> [] [hook]
          pytest_fixture_post_finalizer [hook]
              fixturedef: <FixtureDef argname='browser_context_args' scope='session' baseid=''>
              request: <SubRequest 'browser_context_args' for <Function test_home_page[chromium]>>
          finish pytest_fixture_post_finalizer --> [] [hook]
          pytest_fixture_post_finalizer [hook]
              fixturedef: <FixtureDef argname='browser_type_launch_args' scope='session' baseid=''>
              request: <SubRequest 'browser_type_launch_args' for <Function test_home_page[chromium]>>
          finish pytest_fixture_post_finalizer --> [] [hook]
          pytest_fixture_post_finalizer [hook]
              fixturedef: <FixtureDef argname='delete_output_dir' scope='session' baseid=''>
              request: <SubRequest 'delete_output_dir' for <Function test_home_page[chromium]>>
          finish pytest_fixture_post_finalizer --> [] [hook]
          pytest_fixture_post_finalizer [hook]
              fixturedef: <FixtureDef argname='pytestconfig' scope='session' baseid=''>
              request: <SubRequest 'pytestconfig' for <Function test_page_one[chromium]>>
          finish pytest_fixture_post_finalizer --> [] [hook]
          pytest_fixture_post_finalizer [hook]
              fixturedef: <FixtureDef argname='_verify_url' scope='session' baseid=''>
              request: <SubRequest '_verify_url' for <Function test_page_one[chromium]>>
          finish pytest_fixture_post_finalizer --> [] [hook]
          pytest_fixture_post_finalizer [hook]
              fixturedef: <FixtureDef argname='browser_context_args' scope='session' baseid=''>
              request: <SubRequest 'browser_context_args' for <Function test_page_one[chromium]>>
          finish pytest_fixture_post_finalizer --> [] [hook]
          pytest_fixture_post_finalizer [hook]
              fixturedef: <FixtureDef argname='_verify_url' scope='session' baseid=''>
              request: <SubRequest '_verify_url' for <Function test_page_one[chromium]>>
          finish pytest_fixture_post_finalizer --> [] [hook]
          pytest_fixture_post_finalizer [hook]
              fixturedef: <FixtureDef argname='browser_context_args' scope='session' baseid=''>
              request: <SubRequest 'browser_context_args' for <Function test_home_page[chromium]>>
          finish pytest_fixture_post_finalizer --> [] [hook]
          pytest_fixture_post_finalizer [hook]
              fixturedef: <FixtureDef argname='_verify_url' scope='session' baseid=''>
              request: <SubRequest '_verify_url' for <Function test_home_page[chromium]>>
          finish pytest_fixture_post_finalizer --> [] [hook]
          pytest_fixture_post_finalizer [hook]
              fixturedef: <FixtureDef argname='base_url' scope='session' baseid=''>
              request: <SubRequest 'base_url' for <Function test_page_one[chromium]>>
          finish pytest_fixture_post_finalizer --> [] [hook]
          pytest_fixture_post_finalizer [hook]
              fixturedef: <FixtureDef argname='browser_context_args' scope='session' baseid=''>
              request: <SubRequest 'browser_context_args' for <Function test_home_page[chromium]>>
          finish pytest_fixture_post_finalizer --> [] [hook]
          pytest_fixture_post_finalizer [hook]
              fixturedef: <FixtureDef argname='device' scope='session' baseid=''>
              request: <SubRequest 'device' for <Function test_home_page[chromium]>>
          finish pytest_fixture_post_finalizer --> [] [hook]
          pytest_fixture_post_finalizer [hook]
              fixturedef: <FixtureDef argname='browser' scope='session' baseid=''>
              request: <SubRequest 'browser' for <Function test_home_page[chromium]>>
          finish pytest_fixture_post_finalizer --> [] [hook]
          pytest_fixture_post_finalizer [hook]
              fixturedef: <FixtureDef argname='launch_browser' scope='session' baseid=''>
              request: <SubRequest 'launch_browser' for <Function test_home_page[chromium]>>
          finish pytest_fixture_post_finalizer --> [] [hook]
          pytest_fixture_post_finalizer [hook]
              fixturedef: <FixtureDef argname='browser_type' scope='session' baseid=''>
              request: <SubRequest 'browser_type' for <Function test_home_page[chromium]>>
          finish pytest_fixture_post_finalizer --> [] [hook]
          pytest_fixture_post_finalizer [hook]
              fixturedef: <FixtureDef argname='browser_name' scope='session' baseid=''>
              request: <SubRequest 'browser_name' for <Function test_home_page[chromium]>>
          finish pytest_fixture_post_finalizer --> [] [hook]
          pytest_fixture_post_finalizer [hook]
              fixturedef: <FixtureDef argname='playwright' scope='session' baseid=''>
              request: <SubRequest 'playwright' for <Function test_home_page[chromium]>>
          finish pytest_fixture_post_finalizer --> [] [hook]
          pytest_fixture_post_finalizer [hook]
              fixturedef: <FixtureDef argname='browser_type_launch_args' scope='session' baseid=''>
              request: <SubRequest 'browser_type_launch_args' for <Function test_home_page[chromium]>>
          finish pytest_fixture_post_finalizer --> [] [hook]
          pytest_fixture_post_finalizer [hook]
              fixturedef: <FixtureDef argname='delete_output_dir' scope='session' baseid=''>
              request: <SubRequest 'delete_output_dir' for <Function test_home_page[chromium]>>
          finish pytest_fixture_post_finalizer --> [] [hook]
          pytest_fixture_post_finalizer [hook]
              fixturedef: <FixtureDef argname='pytestconfig' scope='session' baseid=''>
              request: <SubRequest 'pytestconfig' for <Function test_home_page[chromium]>>
          finish pytest_fixture_post_finalizer --> [] [hook]
          pytest_fixture_post_finalizer [hook]
              fixturedef: <FixtureDef argname='_verify_url' scope='session' baseid=''>
              request: <SubRequest '_verify_url' for <Function test_home_page[chromium]>>
          finish pytest_fixture_post_finalizer --> [] [hook]
          pytest_fixture_post_finalizer [hook]
              fixturedef: <FixtureDef argname='base_url' scope='session' baseid=''>
              request: <SubRequest 'base_url' for <Function test_home_page[chromium]>>
          finish pytest_fixture_post_finalizer --> [] [hook]
        finish pytest_runtest_teardown --> [] [hook]
        pytest_runtest_makereport [hook]
            item: <Function test_page_one[chromium]>
            call: <CallInfo when='teardown' result: []>
        finish pytest_runtest_makereport --> <TestReport 'test_webtests.py::test_page_one[chromium]' when='teardown' outcome='passed'> [hook]
        pytest_runtest_logreport [hook]
            report: <TestReport 'test_webtests.py::test_page_one[chromium]' when='teardown' outcome='passed'>
          pytest_report_teststatus [hook]
              report: <TestReport 'test_webtests.py::test_page_one[chromium]' when='teardown' outcome='passed'>
              config: <_pytest.config.Config object at 0x000002A7F08886D0>
          finish pytest_report_teststatus --> ('', '', '') [hook]
        finish pytest_runtest_logreport --> [] [hook]
        pytest_runtest_logfinish [hook]
            nodeid: test_webtests.py::test_page_one[chromium]
            location: ('test_webtests.py', 10, 'test_page_one[chromium]')
        finish pytest_runtest_logfinish --> [] [hook]
      finish pytest_runtest_protocol --> True [hook]
    finish pytest_runtestloop --> True [hook]
    pytest_sessionfinish [hook]
        session: <Session github-actions-backend exitstatus=<ExitCode.TESTS_FAILED: 1> testsfailed=1 testscollected=2>
        exitstatus: 1
      pytest_terminal_summary [hook]
          terminalreporter: <_pytest.terminal.TerminalReporter object at 0x000002A7F2CB2230>
          exitstatus: 1
          config: <_pytest.config.Config object at 0x000002A7F08886D0>
      early skip of rewriting module: pygments [assertion]
      early skip of rewriting module: pygments [assertion]
      early skip of rewriting module: pygments [assertion]
      early skip of rewriting module: pygments [assertion]
      early skip of rewriting module: pygments [assertion]
      early skip of rewriting module: pygments [assertion]
      early skip of rewriting module: pygments [assertion]
        pytest_report_teststatus [hook]
            report: <TestReport 'test_webtests.py::test_page_one[chromium]' when='call' outcome='failed'>
            config: <_pytest.config.Config object at 0x000002A7F08886D0>
        finish pytest_report_teststatus --> ('failed', 'F', 'FAILED') [hook]
      finish pytest_terminal_summary --> [] [hook]
    finish pytest_sessionfinish --> [] [hook]
    pytest_unconfigure [hook]
        config: <_pytest.config.Config object at 0x000002A7F08886D0>
    finish pytest_unconfigure --> [] [hook]
